2025-07-24 19:03:33,028 - INFO - \u041f\u043e\u0447\u0430\u0442\u043e\u043a \u0431\u0430\u0433\u0430\u0442\u043e\u043f\u043e\u0442\u043e\u043a\u043e\u0432\u043e\u0433\u043e \u043f\u043e\u0448\u0443\u043a\u0443
2025-07-24 19:03:33,181 - INFO - \u041a\u043b\u044e\u0447\u043e\u0432\u0435 \u0441\u043b\u043e\u0432\u043e '\u043d\u0435\u043c\u0430\u0454' \u043d\u0435 \u0437\u043d\u0430\u0439\u0434\u0435\u043d\u043e \u0443 \u0442\u0435\u043a\u0441\u0442\u0456.
2025-07-24 19:03:33,122 - INFO - \u041a\u043b\u044e\u0447\u043e\u0432\u0435 \u0441\u043b\u043e\u0432\u043e '\u0437\u043d\u0430\u0447\u0435\u043d\u043d\u044f' \u043d\u0435 \u0437\u043d\u0430\u0439\u0434\u0435\u043d\u043e \u0443 \u0442\u0435\u043a\u0441\u0442\u0456.
2025-07-24 19:03:33,190 - INFO - \u041a\u043b\u044e\u0447\u043e\u0432\u0435 \u0441\u043b\u043e\u0432\u043e '\u043d\u0435\u043c\u0430\u0454' \u043d\u0435 \u0437\u043d\u0430\u0439\u0434\u0435\u043d\u043e \u0443 \u0442\u0435\u043a\u0441\u0442\u0456.
2025-07-24 19:03:33,212 - INFO - \u041a\u043b\u044e\u0447\u043e\u0432\u0435 \u0441\u043b\u043e\u0432\u043e '\u043d\u0435\u043c\u0430\u0454' \u043d\u0435 \u0437\u043d\u0430\u0439\u0434\u0435\u043d\u043e \u0443 \u0442\u0435\u043a\u0441\u0442\u0456.
2025-07-24 19:03:33,229 - INFO - \u041a\u043b\u044e\u0447\u043e\u0432\u0435 \u0441\u043b\u043e\u0432\u043e '\u0437\u043d\u0430\u0447\u0435\u043d\u043d\u044f' \u043d\u0435 \u0437\u043d\u0430\u0439\u0434\u0435\u043d\u043e \u0443 \u0442\u0435\u043a\u0441\u0442\u0456.
2025-07-24 19:03:33,231 - INFO - \u041a\u043b\u044e\u0447\u043e\u0432\u0435 \u0441\u043b\u043e\u0432\u043e '\u0441\u043d\u0456\u0433' \u043d\u0435 \u0437\u043d\u0430\u0439\u0434\u0435\u043d\u043e \u0443 \u0442\u0435\u043a\u0441\u0442\u0456.
2025-07-24 19:03:33,247 - INFO - \u041a\u043b\u044e\u0447\u043e\u0432\u0435 \u0441\u043b\u043e\u0432\u043e '\u0437\u043d\u0430\u0447\u0435\u043d\u043d\u044f' \u043d\u0435 \u0437\u043d\u0430\u0439\u0434\u0435\u043d\u043e \u0443 \u0442\u0435\u043a\u0441\u0442\u0456.
2025-07-24 19:03:33,263 - INFO - \u041a\u043b\u044e\u0447\u043e\u0432\u0435 \u0441\u043b\u043e\u0432\u043e '\u0437\u043d\u0430\u0447\u0435\u043d\u043d\u044f' \u043d\u0435 \u0437\u043d\u0430\u0439\u0434\u0435\u043d\u043e \u0443 \u0442\u0435\u043a\u0441\u0442\u0456.
2025-07-24 19:03:33,313 - INFO - \u041a\u043b\u044e\u0447\u043e\u0432\u0435 \u0441\u043b\u043e\u0432\u043e '\u0441\u043d\u0456\u0433' \u043d\u0435 \u0437\u043d\u0430\u0439\u0434\u0435\u043d\u043e \u0443 \u0442\u0435\u043a\u0441\u0442\u0456.
2025-07-24 19:03:33,329 - INFO - \u041a\u043b\u044e\u0447\u043e\u0432\u0435 \u0441\u043b\u043e\u0432\u043e '\u043b\u0456\u0442\u043e' \u043d\u0435 \u0437\u043d\u0430\u0439\u0434\u0435\u043d\u043e \u0443 \u0442\u0435\u043a\u0441\u0442\u0456.
2025-07-24 19:03:33,374 - INFO - \u041a\u043b\u044e\u0447\u043e\u0432\u0435 \u0441\u043b\u043e\u0432\u043e '\u0441\u043d\u0456\u0433' \u043d\u0435 \u0437\u043d\u0430\u0439\u0434\u0435\u043d\u043e \u0443 \u0442\u0435\u043a\u0441\u0442\u0456.
2025-07-24 19:03:33,404 - INFO - \u041a\u043b\u044e\u0447\u043e\u0432\u0435 \u0441\u043b\u043e\u0432\u043e '\u0441\u043d\u0456\u0433' \u043d\u0435 \u0437\u043d\u0430\u0439\u0434\u0435\u043d\u043e \u0443 \u0442\u0435\u043a\u0441\u0442\u0456.
2025-07-24 19:03:33,419 - INFO - \u041a\u043b\u044e\u0447\u043e\u0432\u0435 \u0441\u043b\u043e\u0432\u043e '\u043b\u0456\u0442\u043e' \u043d\u0435 \u0437\u043d\u0430\u0439\u0434\u0435\u043d\u043e \u0443 \u0442\u0435\u043a\u0441\u0442\u0456.
2025-07-24 19:03:33,439 - INFO - \u041a\u043b\u044e\u0447\u043e\u0432\u0435 \u0441\u043b\u043e\u0432\u043e '\u043c\u043e\u0441\u043a\u0430\u043b\u0456' \u043d\u0435 \u0437\u043d\u0430\u0439\u0434\u0435\u043d\u043e \u0443 \u0442\u0435\u043a\u0441\u0442\u0456.
2025-07-24 19:03:33,488 - INFO - \u041a\u043b\u044e\u0447\u043e\u0432\u0435 \u0441\u043b\u043e\u0432\u043e '\u043b\u0456\u0442\u043e' \u043d\u0435 \u0437\u043d\u0430\u0439\u0434\u0435\u043d\u043e \u0443 \u0442\u0435\u043a\u0441\u0442\u0456.
2025-07-24 19:03:33,502 - INFO - \u041a\u043b\u044e\u0447\u043e\u0432\u0435 \u0441\u043b\u043e\u0432\u043e '\u043b\u0456\u0442\u043e' \u043d\u0435 \u0437\u043d\u0430\u0439\u0434\u0435\u043d\u043e \u0443 \u0442\u0435\u043a\u0441\u0442\u0456.
2025-07-24 19:03:33,522 - INFO - \u041a\u043b\u044e\u0447\u043e\u0432\u0435 \u0441\u043b\u043e\u0432\u043e '\u043c\u043e\u0441\u043a\u0430\u043b\u0456' \u043d\u0435 \u0437\u043d\u0430\u0439\u0434\u0435\u043d\u043e \u0443 \u0442\u0435\u043a\u0441\u0442\u0456.
2025-07-24 19:03:33,562 - INFO - \u041a\u043b\u044e\u0447\u043e\u0432\u0435 \u0441\u043b\u043e\u0432\u043e '\u043c\u0430\u044e\u0442\u044c' \u043d\u0435 \u0437\u043d\u0430\u0439\u0434\u0435\u043d\u043e \u0443 \u0442\u0435\u043a\u0441\u0442\u0456.
2025-07-24 19:03:33,565 - INFO - \u041a\u043b\u044e\u0447\u043e\u0432\u0435 \u0441\u043b\u043e\u0432\u043e '\u043c\u043e\u0441\u043a\u0430\u043b\u0456' \u043d\u0435 \u0437\u043d\u0430\u0439\u0434\u0435\u043d\u043e \u0443 \u0442\u0435\u043a\u0441\u0442\u0456.
2025-07-24 19:03:33,584 - INFO - \u041a\u043b\u044e\u0447\u043e\u0432\u0435 \u0441\u043b\u043e\u0432\u043e '\u043c\u043e\u0441\u043a\u0430\u043b\u0456' \u043d\u0435 \u0437\u043d\u0430\u0439\u0434\u0435\u043d\u043e \u0443 \u0442\u0435\u043a\u0441\u0442\u0456.
2025-07-24 19:03:33,625 - INFO - \u041a\u043b\u044e\u0447\u043e\u0432\u0435 \u0441\u043b\u043e\u0432\u043e '\u043c\u0430\u044e\u0442\u044c' \u043d\u0435 \u0437\u043d\u0430\u0439\u0434\u0435\u043d\u043e \u0443 \u0442\u0435\u043a\u0441\u0442\u0456.
2025-07-24 19:03:33,626 - INFO - \u041a\u043b\u044e\u0447\u043e\u0432\u0435 \u0441\u043b\u043e\u0432\u043e '\u0434\u043e\u0445\u043d\u0443\u0442\u044c' \u043d\u0435 \u0437\u043d\u0430\u0439\u0434\u0435\u043d\u043e \u0443 \u0442\u0435\u043a\u0441\u0442\u0456.
2025-07-24 19:03:33,651 - INFO - \u041a\u043b\u044e\u0447\u043e\u0432\u0435 \u0441\u043b\u043e\u0432\u043e '\u043c\u0430\u044e\u0442\u044c' \u043d\u0435 \u0437\u043d\u0430\u0439\u0434\u0435\u043d\u043e \u0443 \u0442\u0435\u043a\u0441\u0442\u0456.
2025-07-24 19:03:33,676 - INFO - \u041a\u043b\u044e\u0447\u043e\u0432\u0435 \u0441\u043b\u043e\u0432\u043e '\u043c\u0430\u044e\u0442\u044c' \u043d\u0435 \u0437\u043d\u0430\u0439\u0434\u0435\u043d\u043e \u0443 \u0442\u0435\u043a\u0441\u0442\u0456.
2025-07-24 19:03:33,694 - INFO - \u041a\u043b\u044e\u0447\u043e\u0432\u0435 \u0441\u043b\u043e\u0432\u043e '\u0434\u043e\u0445\u043d\u0443\u0442\u044c' \u043d\u0435 \u0437\u043d\u0430\u0439\u0434\u0435\u043d\u043e \u0443 \u0442\u0435\u043a\u0441\u0442\u0456.
2025-07-24 19:03:33,732 - INFO - \u041a\u043b\u044e\u0447\u043e\u0432\u0435 \u0441\u043b\u043e\u0432\u043e '\u0434\u043e\u043d\u0430\u0442\u044c' \u043d\u0435 \u0437\u043d\u0430\u0439\u0434\u0435\u043d\u043e \u0443 \u0442\u0435\u043a\u0441\u0442\u0456.
2025-07-24 19:03:33,735 - INFO - \u041a\u043b\u044e\u0447\u043e\u0432\u0435 \u0441\u043b\u043e\u0432\u043e '\u0434\u043e\u0445\u043d\u0443\u0442\u044c' \u043d\u0435 \u0437\u043d\u0430\u0439\u0434\u0435\u043d\u043e \u0443 \u0442\u0435\u043a\u0441\u0442\u0456.
2025-07-24 19:03:33,753 - INFO - \u041a\u043b\u044e\u0447\u043e\u0432\u0435 \u0441\u043b\u043e\u0432\u043e '\u0434\u043e\u0445\u043d\u0443\u0442\u044c' \u043d\u0435 \u0437\u043d\u0430\u0439\u0434\u0435\u043d\u043e \u0443 \u0442\u0435\u043a\u0441\u0442\u0456.
2025-07-24 19:03:33,775 - INFO - \u041a\u043b\u044e\u0447\u043e\u0432\u0435 \u0441\u043b\u043e\u0432\u043e '\u0434\u043e\u043d\u0430\u0442\u044c' \u043d\u0435 \u0437\u043d\u0430\u0439\u0434\u0435\u043d\u043e \u0443 \u0442\u0435\u043a\u0441\u0442\u0456.
2025-07-24 19:03:33,796 - INFO - \u041a\u043b\u044e\u0447\u043e\u0432\u0435 \u0441\u043b\u043e\u0432\u043e '\u0440\u0443\u0441\u043e\u0440\u0456\u0437' \u043d\u0435 \u0437\u043d\u0430\u0439\u0434\u0435\u043d\u043e \u0443 \u0442\u0435\u043a\u0441\u0442\u0456.
2025-07-24 19:03:33,818 - INFO - \u041a\u043b\u044e\u0447\u043e\u0432\u0435 \u0441\u043b\u043e\u0432\u043e '\u0434\u043e\u043d\u0430\u0442\u044c' \u043d\u0435 \u0437\u043d\u0430\u0439\u0434\u0435\u043d\u043e \u0443 \u0442\u0435\u043a\u0441\u0442\u0456.
2025-07-24 19:03:33,839 - INFO - \u041a\u043b\u044e\u0447\u043e\u0432\u0435 \u0441\u043b\u043e\u0432\u043e '\u0434\u043e\u043d\u0430\u0442\u044c' \u043d\u0435 \u0437\u043d\u0430\u0439\u0434\u0435\u043d\u043e \u0443 \u0442\u0435\u043a\u0441\u0442\u0456.
2025-07-24 19:03:33,858 - INFO - \u041a\u043b\u044e\u0447\u043e\u0432\u0435 \u0441\u043b\u043e\u0432\u043e '\u0440\u0443\u0441\u043e\u0440\u0456\u0437' \u043d\u0435 \u0437\u043d\u0430\u0439\u0434\u0435\u043d\u043e \u0443 \u0442\u0435\u043a\u0441\u0442\u0456.
2025-07-24 19:03:33,858 - INFO - \u0424\u0430\u0439\u043b \u043e\u0431\u0440\u043e\u0431\u043b\u0435\u043d\u043e (thread): g:\My Drive\Education\GoIT\PC-system-fundamental\goit-cs-hw-04\src\input\test_file_2.txt
2025-07-24 19:03:33,877 - INFO - \u041a\u043b\u044e\u0447\u043e\u0432\u0435 \u0441\u043b\u043e\u0432\u043e '\u0440\u0443\u0441\u043e\u0440\u0456\u0437' \u043d\u0435 \u0437\u043d\u0430\u0439\u0434\u0435\u043d\u043e \u0443 \u0442\u0435\u043a\u0441\u0442\u0456.
2025-07-24 19:03:33,897 - INFO - \u0424\u0430\u0439\u043b \u043e\u0431\u0440\u043e\u0431\u043b\u0435\u043d\u043e (thread): g:\My Drive\Education\GoIT\PC-system-fundamental\goit-cs-hw-04\src\input\test_file_4.txt
2025-07-24 19:03:33,896 - INFO - \u0424\u0430\u0439\u043b \u043e\u0431\u0440\u043e\u0431\u043b\u0435\u043d\u043e (thread): g:\My Drive\Education\GoIT\PC-system-fundamental\goit-cs-hw-04\src\input\test_file_6.txt
2025-07-24 19:03:33,895 - INFO - \u041a\u043b\u044e\u0447\u043e\u0432\u0435 \u0441\u043b\u043e\u0432\u043e '\u0440\u0443\u0441\u043e\u0440\u0456\u0437' \u043d\u0435 \u0437\u043d\u0430\u0439\u0434\u0435\u043d\u043e \u0443 \u0442\u0435\u043a\u0441\u0442\u0456.
2025-07-24 19:03:33,900 - INFO - \u0424\u0430\u0439\u043b \u043e\u0431\u0440\u043e\u0431\u043b\u0435\u043d\u043e (thread): g:\My Drive\Education\GoIT\PC-system-fundamental\goit-cs-hw-04\src\input\test_file_1.txt
2025-07-24 19:03:33,947 - INFO - \u041a\u043b\u044e\u0447\u043e\u0432\u0435 \u0441\u043b\u043e\u0432\u043e '\u043d\u0435\u043c\u0430\u0454' \u043d\u0435 \u0437\u043d\u0430\u0439\u0434\u0435\u043d\u043e \u0443 \u0442\u0435\u043a\u0441\u0442\u0456.
2025-07-24 19:03:33,969 - INFO - \u041a\u043b\u044e\u0447\u043e\u0432\u0435 \u0441\u043b\u043e\u0432\u043e '\u0437\u043d\u0430\u0447\u0435\u043d\u043d\u044f' \u043d\u0435 \u0437\u043d\u0430\u0439\u0434\u0435\u043d\u043e \u0443 \u0442\u0435\u043a\u0441\u0442\u0456.
2025-07-24 19:03:34,059 - INFO - \u041a\u043b\u044e\u0447\u043e\u0432\u0435 \u0441\u043b\u043e\u0432\u043e '\u043d\u0435\u043c\u0430\u0454' \u043d\u0435 \u0437\u043d\u0430\u0439\u0434\u0435\u043d\u043e \u0443 \u0442\u0435\u043a\u0441\u0442\u0456.
2025-07-24 19:03:34,059 - INFO - \u041a\u043b\u044e\u0447\u043e\u0432\u0435 \u0441\u043b\u043e\u0432\u043e '\u0441\u043d\u0456\u0433' \u043d\u0435 \u0437\u043d\u0430\u0439\u0434\u0435\u043d\u043e \u0443 \u0442\u0435\u043a\u0441\u0442\u0456.
2025-07-24 19:03:34,070 - INFO - \u041a\u043b\u044e\u0447\u043e\u0432\u0435 \u0441\u043b\u043e\u0432\u043e '\u043d\u0435\u043c\u0430\u0454' \u043d\u0435 \u0437\u043d\u0430\u0439\u0434\u0435\u043d\u043e \u0443 \u0442\u0435\u043a\u0441\u0442\u0456.
2025-07-24 19:03:34,080 - INFO - \u041a\u043b\u044e\u0447\u043e\u0432\u0435 \u0441\u043b\u043e\u0432\u043e '\u043d\u0435\u043c\u0430\u0454' \u043d\u0435 \u0437\u043d\u0430\u0439\u0434\u0435\u043d\u043e \u0443 \u0442\u0435\u043a\u0441\u0442\u0456.
2025-07-24 19:03:34,096 - INFO - \u041a\u043b\u044e\u0447\u043e\u0432\u0435 \u0441\u043b\u043e\u0432\u043e '\u0437\u043d\u0430\u0447\u0435\u043d\u043d\u044f' \u043d\u0435 \u0437\u043d\u0430\u0439\u0434\u0435\u043d\u043e \u0443 \u0442\u0435\u043a\u0441\u0442\u0456.
2025-07-24 19:03:34,135 - INFO - \u041a\u043b\u044e\u0447\u043e\u0432\u0435 \u0441\u043b\u043e\u0432\u043e '\u0437\u043d\u0430\u0447\u0435\u043d\u043d\u044f' \u043d\u0435 \u0437\u043d\u0430\u0439\u0434\u0435\u043d\u043e \u0443 \u0442\u0435\u043a\u0441\u0442\u0456.
2025-07-24 19:03:34,143 - INFO - \u041a\u043b\u044e\u0447\u043e\u0432\u0435 \u0441\u043b\u043e\u0432\u043e '\u043b\u0456\u0442\u043e' \u043d\u0435 \u0437\u043d\u0430\u0439\u0434\u0435\u043d\u043e \u0443 \u0442\u0435\u043a\u0441\u0442\u0456.
2025-07-24 19:03:34,159 - INFO - \u041a\u043b\u044e\u0447\u043e\u0432\u0435 \u0441\u043b\u043e\u0432\u043e '\u0437\u043d\u0430\u0447\u0435\u043d\u043d\u044f' \u043d\u0435 \u0437\u043d\u0430\u0439\u0434\u0435\u043d\u043e \u0443 \u0442\u0435\u043a\u0441\u0442\u0456.
2025-07-24 19:03:34,204 - INFO - \u041a\u043b\u044e\u0447\u043e\u0432\u0435 \u0441\u043b\u043e\u0432\u043e '\u0441\u043d\u0456\u0433' \u043d\u0435 \u0437\u043d\u0430\u0439\u0434\u0435\u043d\u043e \u0443 \u0442\u0435\u043a\u0441\u0442\u0456.
2025-07-24 19:03:34,223 - INFO - \u041a\u043b\u044e\u0447\u043e\u0432\u0435 \u0441\u043b\u043e\u0432\u043e '\u0441\u043d\u0456\u0433' \u043d\u0435 \u0437\u043d\u0430\u0439\u0434\u0435\u043d\u043e \u0443 \u0442\u0435\u043a\u0441\u0442\u0456.
2025-07-24 19:03:34,244 - INFO - \u041a\u043b\u044e\u0447\u043e\u0432\u0435 \u0441\u043b\u043e\u0432\u043e '\u043c\u043e\u0441\u043a\u0430\u043b\u0456' \u043d\u0435 \u0437\u043d\u0430\u0439\u0434\u0435\u043d\u043e \u0443 \u0442\u0435\u043a\u0441\u0442\u0456.
2025-07-24 19:03:34,292 - INFO - \u041a\u043b\u044e\u0447\u043e\u0432\u0435 \u0441\u043b\u043e\u0432\u043e '\u0441\u043d\u0456\u0433' \u043d\u0435 \u0437\u043d\u0430\u0439\u0434\u0435\u043d\u043e \u0443 \u0442\u0435\u043a\u0441\u0442\u0456.
2025-07-24 19:03:34,311 - INFO - \u041a\u043b\u044e\u0447\u043e\u0432\u0435 \u0441\u043b\u043e\u0432\u043e '\u043b\u0456\u0442\u043e' \u043d\u0435 \u0437\u043d\u0430\u0439\u0434\u0435\u043d\u043e \u0443 \u0442\u0435\u043a\u0441\u0442\u0456.
2025-07-24 19:03:34,361 - INFO - \u041a\u043b\u044e\u0447\u043e\u0432\u0435 \u0441\u043b\u043e\u0432\u043e '\u043b\u0456\u0442\u043e' \u043d\u0435 \u0437\u043d\u0430\u0439\u0434\u0435\u043d\u043e \u0443 \u0442\u0435\u043a\u0441\u0442\u0456.
2025-07-24 19:03:34,385 - INFO - \u041a\u043b\u044e\u0447\u043e\u0432\u0435 \u0441\u043b\u043e\u0432\u043e '\u043c\u0430\u044e\u0442\u044c' \u043d\u0435 \u0437\u043d\u0430\u0439\u0434\u0435\u043d\u043e \u0443 \u0442\u0435\u043a\u0441\u0442\u0456.
2025-07-24 19:03:34,400 - INFO - \u041a\u043b\u044e\u0447\u043e\u0432\u0435 \u0441\u043b\u043e\u0432\u043e '\u043b\u0456\u0442\u043e' \u043d\u0435 \u0437\u043d\u0430\u0439\u0434\u0435\u043d\u043e \u0443 \u0442\u0435\u043a\u0441\u0442\u0456.
2025-07-24 19:03:34,418 - INFO - \u041a\u043b\u044e\u0447\u043e\u0432\u0435 \u0441\u043b\u043e\u0432\u043e '\u043c\u043e\u0441\u043a\u0430\u043b\u0456' \u043d\u0435 \u0437\u043d\u0430\u0439\u0434\u0435\u043d\u043e \u0443 \u0442\u0435\u043a\u0441\u0442\u0456.
2025-07-24 19:03:34,438 - INFO - \u041a\u043b\u044e\u0447\u043e\u0432\u0435 \u0441\u043b\u043e\u0432\u043e '\u043c\u043e\u0441\u043a\u0430\u043b\u0456' \u043d\u0435 \u0437\u043d\u0430\u0439\u0434\u0435\u043d\u043e \u0443 \u0442\u0435\u043a\u0441\u0442\u0456.
2025-07-24 19:03:34,456 - INFO - \u041a\u043b\u044e\u0447\u043e\u0432\u0435 \u0441\u043b\u043e\u0432\u043e '\u0434\u043e\u0445\u043d\u0443\u0442\u044c' \u043d\u0435 \u0437\u043d\u0430\u0439\u0434\u0435\u043d\u043e \u0443 \u0442\u0435\u043a\u0441\u0442\u0456.
2025-07-24 19:03:34,474 - INFO - \u041a\u043b\u044e\u0447\u043e\u0432\u0435 \u0441\u043b\u043e\u0432\u043e '\u043c\u043e\u0441\u043a\u0430\u043b\u0456' \u043d\u0435 \u0437\u043d\u0430\u0439\u0434\u0435\u043d\u043e \u0443 \u0442\u0435\u043a\u0441\u0442\u0456.
2025-07-24 19:03:34,500 - INFO - \u041a\u043b\u044e\u0447\u043e\u0432\u0435 \u0441\u043b\u043e\u0432\u043e '\u043c\u0430\u044e\u0442\u044c' \u043d\u0435 \u0437\u043d\u0430\u0439\u0434\u0435\u043d\u043e \u0443 \u0442\u0435\u043a\u0441\u0442\u0456.
2025-07-24 19:03:34,540 - INFO - \u041a\u043b\u044e\u0447\u043e\u0432\u0435 \u0441\u043b\u043e\u0432\u043e '\u043c\u0430\u044e\u0442\u044c' \u043d\u0435 \u0437\u043d\u0430\u0439\u0434\u0435\u043d\u043e \u0443 \u0442\u0435\u043a\u0441\u0442\u0456.
2025-07-24 19:03:34,546 - INFO - \u041a\u043b\u044e\u0447\u043e\u0432\u0435 \u0441\u043b\u043e\u0432\u043e '\u0434\u043e\u043d\u0430\u0442\u044c' \u043d\u0435 \u0437\u043d\u0430\u0439\u0434\u0435\u043d\u043e \u0443 \u0442\u0435\u043a\u0441\u0442\u0456.
2025-07-24 19:03:34,585 - INFO - \u041a\u043b\u044e\u0447\u043e\u0432\u0435 \u0441\u043b\u043e\u0432\u043e '\u043c\u0430\u044e\u0442\u044c' \u043d\u0435 \u0437\u043d\u0430\u0439\u0434\u0435\u043d\u043e \u0443 \u0442\u0435\u043a\u0441\u0442\u0456.
2025-07-24 19:03:34,588 - INFO - \u041a\u043b\u044e\u0447\u043e\u0432\u0435 \u0441\u043b\u043e\u0432\u043e '\u0434\u043e\u0445\u043d\u0443\u0442\u044c' \u043d\u0435 \u0437\u043d\u0430\u0439\u0434\u0435\u043d\u043e \u0443 \u0442\u0435\u043a\u0441\u0442\u0456.
2025-07-24 19:03:34,607 - INFO - \u041a\u043b\u044e\u0447\u043e\u0432\u0435 \u0441\u043b\u043e\u0432\u043e '\u0434\u043e\u0445\u043d\u0443\u0442\u044c' \u043d\u0435 \u0437\u043d\u0430\u0439\u0434\u0435\u043d\u043e \u0443 \u0442\u0435\u043a\u0441\u0442\u0456.
2025-07-24 19:03:34,625 - INFO - \u041a\u043b\u044e\u0447\u043e\u0432\u0435 \u0441\u043b\u043e\u0432\u043e '\u0440\u0443\u0441\u043e\u0440\u0456\u0437' \u043d\u0435 \u0437\u043d\u0430\u0439\u0434\u0435\u043d\u043e \u0443 \u0442\u0435\u043a\u0441\u0442\u0456.
2025-07-24 19:03:34,643 - INFO - \u041a\u043b\u044e\u0447\u043e\u0432\u0435 \u0441\u043b\u043e\u0432\u043e '\u0434\u043e\u0445\u043d\u0443\u0442\u044c' \u043d\u0435 \u0437\u043d\u0430\u0439\u0434\u0435\u043d\u043e \u0443 \u0442\u0435\u043a\u0441\u0442\u0456.
2025-07-24 19:03:34,665 - INFO - \u041a\u043b\u044e\u0447\u043e\u0432\u0435 \u0441\u043b\u043e\u0432\u043e '\u0434\u043e\u043d\u0430\u0442\u044c' \u043d\u0435 \u0437\u043d\u0430\u0439\u0434\u0435\u043d\u043e \u0443 \u0442\u0435\u043a\u0441\u0442\u0456.
2025-07-24 19:03:34,686 - INFO - \u041a\u043b\u044e\u0447\u043e\u0432\u0435 \u0441\u043b\u043e\u0432\u043e '\u0434\u043e\u043d\u0430\u0442\u044c' \u043d\u0435 \u0437\u043d\u0430\u0439\u0434\u0435\u043d\u043e \u0443 \u0442\u0435\u043a\u0441\u0442\u0456.
2025-07-24 19:03:34,687 - INFO - \u0424\u0430\u0439\u043b \u043e\u0431\u0440\u043e\u0431\u043b\u0435\u043d\u043e (thread): g:\My Drive\Education\GoIT\PC-system-fundamental\goit-cs-hw-04\src\input\test_file_3.txt
2025-07-24 19:03:34,708 - INFO - \u041a\u043b\u044e\u0447\u043e\u0432\u0435 \u0441\u043b\u043e\u0432\u043e '\u0434\u043e\u043d\u0430\u0442\u044c' \u043d\u0435 \u0437\u043d\u0430\u0439\u0434\u0435\u043d\u043e \u0443 \u0442\u0435\u043a\u0441\u0442\u0456.
2025-07-24 19:03:34,726 - INFO - \u041a\u043b\u044e\u0447\u043e\u0432\u0435 \u0441\u043b\u043e\u0432\u043e '\u0440\u0443\u0441\u043e\u0440\u0456\u0437' \u043d\u0435 \u0437\u043d\u0430\u0439\u0434\u0435\u043d\u043e \u0443 \u0442\u0435\u043a\u0441\u0442\u0456.
2025-07-24 19:03:34,745 - INFO - \u041a\u043b\u044e\u0447\u043e\u0432\u0435 \u0441\u043b\u043e\u0432\u043e '\u0440\u0443\u0441\u043e\u0440\u0456\u0437' \u043d\u0435 \u0437\u043d\u0430\u0439\u0434\u0435\u043d\u043e \u0443 \u0442\u0435\u043a\u0441\u0442\u0456.
2025-07-24 19:03:34,764 - INFO - \u041a\u043b\u044e\u0447\u043e\u0432\u0435 \u0441\u043b\u043e\u0432\u043e '\u0440\u0443\u0441\u043e\u0440\u0456\u0437' \u043d\u0435 \u0437\u043d\u0430\u0439\u0434\u0435\u043d\u043e \u0443 \u0442\u0435\u043a\u0441\u0442\u0456.
2025-07-24 19:03:34,764 - INFO - \u0424\u0430\u0439\u043b \u043e\u0431\u0440\u043e\u0431\u043b\u0435\u043d\u043e (thread): g:\My Drive\Education\GoIT\PC-system-fundamental\goit-cs-hw-04\src\input\test_file_5.txt
2025-07-24 19:03:34,765 - INFO - \u0424\u0430\u0439\u043b \u043e\u0431\u0440\u043e\u0431\u043b\u0435\u043d\u043e (thread): g:\My Drive\Education\GoIT\PC-system-fundamental\goit-cs-hw-04\src\input\test_file_7.txt
2025-07-24 19:03:34,766 - INFO - \u0424\u0430\u0439\u043b \u043e\u0431\u0440\u043e\u0431\u043b\u0435\u043d\u043e (thread): g:\My Drive\Education\GoIT\PC-system-fundamental\goit-cs-hw-04\src\input\test_file_10.txt
2025-07-24 19:03:34,819 - INFO - \u041a\u043b\u044e\u0447\u043e\u0432\u0435 \u0441\u043b\u043e\u0432\u043e '\u043d\u0435\u043c\u0430\u0454' \u043d\u0435 \u0437\u043d\u0430\u0439\u0434\u0435\u043d\u043e \u0443 \u0442\u0435\u043a\u0441\u0442\u0456.
2025-07-24 19:03:34,835 - INFO - \u041a\u043b\u044e\u0447\u043e\u0432\u0435 \u0441\u043b\u043e\u0432\u043e '\u0437\u043d\u0430\u0447\u0435\u043d\u043d\u044f' \u043d\u0435 \u0437\u043d\u0430\u0439\u0434\u0435\u043d\u043e \u0443 \u0442\u0435\u043a\u0441\u0442\u0456.
2025-07-24 19:03:34,867 - INFO - \u041a\u043b\u044e\u0447\u043e\u0432\u0435 \u0441\u043b\u043e\u0432\u043e '\u0441\u043d\u0456\u0433' \u043d\u0435 \u0437\u043d\u0430\u0439\u0434\u0435\u043d\u043e \u0443 \u0442\u0435\u043a\u0441\u0442\u0456.
2025-07-24 19:03:34,900 - INFO - \u041a\u043b\u044e\u0447\u043e\u0432\u0435 \u0441\u043b\u043e\u0432\u043e '\u043b\u0456\u0442\u043e' \u043d\u0435 \u0437\u043d\u0430\u0439\u0434\u0435\u043d\u043e \u0443 \u0442\u0435\u043a\u0441\u0442\u0456.
2025-07-24 19:03:34,919 - INFO - \u041a\u043b\u044e\u0447\u043e\u0432\u0435 \u0441\u043b\u043e\u0432\u043e '\u043c\u043e\u0441\u043a\u0430\u043b\u0456' \u043d\u0435 \u0437\u043d\u0430\u0439\u0434\u0435\u043d\u043e \u0443 \u0442\u0435\u043a\u0441\u0442\u0456.
2025-07-24 19:03:34,945 - INFO - \u041a\u043b\u044e\u0447\u043e\u0432\u0435 \u0441\u043b\u043e\u0432\u043e '\u043c\u0430\u044e\u0442\u044c' \u043d\u0435 \u0437\u043d\u0430\u0439\u0434\u0435\u043d\u043e \u0443 \u0442\u0435\u043a\u0441\u0442\u0456.
2025-07-24 19:03:34,964 - INFO - \u041a\u043b\u044e\u0447\u043e\u0432\u0435 \u0441\u043b\u043e\u0432\u043e '\u0434\u043e\u0445\u043d\u0443\u0442\u044c' \u043d\u0435 \u0437\u043d\u0430\u0439\u0434\u0435\u043d\u043e \u0443 \u0442\u0435\u043a\u0441\u0442\u0456.
2025-07-24 19:03:34,987 - INFO - \u041a\u043b\u044e\u0447\u043e\u0432\u0435 \u0441\u043b\u043e\u0432\u043e '\u0434\u043e\u043d\u0430\u0442\u044c' \u043d\u0435 \u0437\u043d\u0430\u0439\u0434\u0435\u043d\u043e \u0443 \u0442\u0435\u043a\u0441\u0442\u0456.
2025-07-24 19:03:35,007 - INFO - \u041a\u043b\u044e\u0447\u043e\u0432\u0435 \u0441\u043b\u043e\u0432\u043e '\u0440\u0443\u0441\u043e\u0440\u0456\u0437' \u043d\u0435 \u0437\u043d\u0430\u0439\u0434\u0435\u043d\u043e \u0443 \u0442\u0435\u043a\u0441\u0442\u0456.
2025-07-24 19:03:35,008 - INFO - \u0424\u0430\u0439\u043b \u043e\u0431\u0440\u043e\u0431\u043b\u0435\u043d\u043e (thread): g:\My Drive\Education\GoIT\PC-system-fundamental\goit-cs-hw-04\src\input\test_file_8.txt
2025-07-24 19:03:35,055 - INFO - \u041a\u043b\u044e\u0447\u043e\u0432\u0435 \u0441\u043b\u043e\u0432\u043e '\u043d\u0435\u043c\u0430\u0454' \u043d\u0435 \u0437\u043d\u0430\u0439\u0434\u0435\u043d\u043e \u0443 \u0442\u0435\u043a\u0441\u0442\u0456.
2025-07-24 19:03:35,072 - INFO - \u041a\u043b\u044e\u0447\u043e\u0432\u0435 \u0441\u043b\u043e\u0432\u043e '\u0437\u043d\u0430\u0447\u0435\u043d\u043d\u044f' \u043d\u0435 \u0437\u043d\u0430\u0439\u0434\u0435\u043d\u043e \u0443 \u0442\u0435\u043a\u0441\u0442\u0456.
2025-07-24 19:03:35,103 - INFO - \u041a\u043b\u044e\u0447\u043e\u0432\u0435 \u0441\u043b\u043e\u0432\u043e '\u0441\u043d\u0456\u0433' \u043d\u0435 \u0437\u043d\u0430\u0439\u0434\u0435\u043d\u043e \u0443 \u0442\u0435\u043a\u0441\u0442\u0456.
2025-07-24 19:03:35,136 - INFO - \u041a\u043b\u044e\u0447\u043e\u0432\u0435 \u0441\u043b\u043e\u0432\u043e '\u043b\u0456\u0442\u043e' \u043d\u0435 \u0437\u043d\u0430\u0439\u0434\u0435\u043d\u043e \u0443 \u0442\u0435\u043a\u0441\u0442\u0456.
2025-07-24 19:03:35,158 - INFO - \u041a\u043b\u044e\u0447\u043e\u0432\u0435 \u0441\u043b\u043e\u0432\u043e '\u043c\u043e\u0441\u043a\u0430\u043b\u0456' \u043d\u0435 \u0437\u043d\u0430\u0439\u0434\u0435\u043d\u043e \u0443 \u0442\u0435\u043a\u0441\u0442\u0456.
2025-07-24 19:03:35,184 - INFO - \u041a\u043b\u044e\u0447\u043e\u0432\u0435 \u0441\u043b\u043e\u0432\u043e '\u043c\u0430\u044e\u0442\u044c' \u043d\u0435 \u0437\u043d\u0430\u0439\u0434\u0435\u043d\u043e \u0443 \u0442\u0435\u043a\u0441\u0442\u0456.
2025-07-24 19:03:35,203 - INFO - \u041a\u043b\u044e\u0447\u043e\u0432\u0435 \u0441\u043b\u043e\u0432\u043e '\u0434\u043e\u0445\u043d\u0443\u0442\u044c' \u043d\u0435 \u0437\u043d\u0430\u0439\u0434\u0435\u043d\u043e \u0443 \u0442\u0435\u043a\u0441\u0442\u0456.
2025-07-24 19:03:35,226 - INFO - \u041a\u043b\u044e\u0447\u043e\u0432\u0435 \u0441\u043b\u043e\u0432\u043e '\u0434\u043e\u043d\u0430\u0442\u044c' \u043d\u0435 \u0437\u043d\u0430\u0439\u0434\u0435\u043d\u043e \u0443 \u0442\u0435\u043a\u0441\u0442\u0456.
2025-07-24 19:03:35,244 - INFO - \u041a\u043b\u044e\u0447\u043e\u0432\u0435 \u0441\u043b\u043e\u0432\u043e '\u0440\u0443\u0441\u043e\u0440\u0456\u0437' \u043d\u0435 \u0437\u043d\u0430\u0439\u0434\u0435\u043d\u043e \u0443 \u0442\u0435\u043a\u0441\u0442\u0456.
2025-07-24 19:03:35,246 - INFO - \u0424\u0430\u0439\u043b \u043e\u0431\u0440\u043e\u0431\u043b\u0435\u043d\u043e (thread): g:\My Drive\Education\GoIT\PC-system-fundamental\goit-cs-hw-04\src\input\test_file_9.txt
2025-07-24 19:03:35,250 - INFO - \u0427\u0430\u0441 \u0432\u0438\u043a\u043e\u043d\u0430\u043d\u043d\u044f 'run_threaded': 2.22 c
2025-07-24 19:03:35,251 - INFO - \u041f\u043e\u0447\u0430\u0442\u043e\u043a \u0431\u0430\u0433\u0430\u0442\u043e\u043f\u0440\u043e\u0446\u0435\u0441\u043e\u0440\u043d\u043e\u0433\u043e \u043f\u043e\u0448\u0443\u043a\u0443
2025-07-24 19:03:36,569 - INFO - \u0427\u0430\u0441 \u0432\u0438\u043a\u043e\u043d\u0430\u043d\u043d\u044f 'run_multiprocessing': 1.32 c
