2025-07-24 19:10:38,520 - INFO - \u041f\u043e\u0447\u0430\u0442\u043e\u043a \u0431\u0430\u0433\u0430\u0442\u043e\u043f\u043e\u0442\u043e\u043a\u043e\u0432\u043e\u0433\u043e \u043f\u043e\u0448\u0443\u043a\u0443
2025-07-24 19:10:38,662 - INFO - \u041a\u043b\u044e\u0447\u043e\u0432\u0435 \u0441\u043b\u043e\u0432\u043e '\u043d\u0435\u043c\u0430\u0454' \u043d\u0435 \u0437\u043d\u0430\u0439\u0434\u0435\u043d\u043e \u0443 \u0442\u0435\u043a\u0441\u0442\u0456.
2025-07-24 19:10:38,701 - INFO - \u041a\u043b\u044e\u0447\u043e\u0432\u0435 \u0441\u043b\u043e\u0432\u043e '\u0437\u043d\u0430\u0447\u0435\u043d\u043d\u044f' \u043d\u0435 \u0437\u043d\u0430\u0439\u0434\u0435\u043d\u043e \u0443 \u0442\u0435\u043a\u0441\u0442\u0456.
2025-07-24 19:10:38,712 - INFO - \u041a\u043b\u044e\u0447\u043e\u0432\u0435 \u0441\u043b\u043e\u0432\u043e '\u043d\u0435\u043c\u0430\u0454' \u043d\u0435 \u0437\u043d\u0430\u0439\u0434\u0435\u043d\u043e \u0443 \u0442\u0435\u043a\u0441\u0442\u0456.
2025-07-24 19:10:38,723 - INFO - \u041a\u043b\u044e\u0447\u043e\u0432\u0435 \u0441\u043b\u043e\u0432\u043e '\u043d\u0435\u043c\u0430\u0454' \u043d\u0435 \u0437\u043d\u0430\u0439\u0434\u0435\u043d\u043e \u0443 \u0442\u0435\u043a\u0441\u0442\u0456.
2025-07-24 19:10:38,750 - INFO - \u041a\u043b\u044e\u0447\u043e\u0432\u0435 \u0441\u043b\u043e\u0432\u043e '\u043d\u0435\u043c\u0430\u0454' \u043d\u0435 \u0437\u043d\u0430\u0439\u0434\u0435\u043d\u043e \u0443 \u0442\u0435\u043a\u0441\u0442\u0456.
2025-07-24 19:10:38,756 - INFO - \u041a\u043b\u044e\u0447\u043e\u0432\u0435 \u0441\u043b\u043e\u0432\u043e '\u0441\u043d\u0456\u0433' \u043d\u0435 \u0437\u043d\u0430\u0439\u0434\u0435\u043d\u043e \u0443 \u0442\u0435\u043a\u0441\u0442\u0456.
2025-07-24 19:10:38,772 - INFO - \u041a\u043b\u044e\u0447\u043e\u0432\u0435 \u0441\u043b\u043e\u0432\u043e '\u0437\u043d\u0430\u0447\u0435\u043d\u043d\u044f' \u043d\u0435 \u0437\u043d\u0430\u0439\u0434\u0435\u043d\u043e \u0443 \u0442\u0435\u043a\u0441\u0442\u0456.
2025-07-24 19:10:38,791 - INFO - \u041a\u043b\u044e\u0447\u043e\u0432\u0435 \u0441\u043b\u043e\u0432\u043e '\u0437\u043d\u0430\u0447\u0435\u043d\u043d\u044f' \u043d\u0435 \u0437\u043d\u0430\u0439\u0434\u0435\u043d\u043e \u0443 \u0442\u0435\u043a\u0441\u0442\u0456.
2025-07-24 19:10:38,806 - INFO - \u041a\u043b\u044e\u0447\u043e\u0432\u0435 \u0441\u043b\u043e\u0432\u043e '\u0437\u043d\u0430\u0447\u0435\u043d\u043d\u044f' \u043d\u0435 \u0437\u043d\u0430\u0439\u0434\u0435\u043d\u043e \u0443 \u0442\u0435\u043a\u0441\u0442\u0456.
2025-07-24 19:10:38,858 - INFO - \u041a\u043b\u044e\u0447\u043e\u0432\u0435 \u0441\u043b\u043e\u0432\u043e '\u0441\u043d\u0456\u0433' \u043d\u0435 \u0437\u043d\u0430\u0439\u0434\u0435\u043d\u043e \u0443 \u0442\u0435\u043a\u0441\u0442\u0456.
2025-07-24 19:10:38,868 - INFO - \u041a\u043b\u044e\u0447\u043e\u0432\u0435 \u0441\u043b\u043e\u0432\u043e '\u043b\u0456\u0442\u043e' \u043d\u0435 \u0437\u043d\u0430\u0439\u0434\u0435\u043d\u043e \u0443 \u0442\u0435\u043a\u0441\u0442\u0456.
2025-07-24 19:10:38,914 - INFO - \u041a\u043b\u044e\u0447\u043e\u0432\u0435 \u0441\u043b\u043e\u0432\u043e '\u0441\u043d\u0456\u0433' \u043d\u0435 \u0437\u043d\u0430\u0439\u0434\u0435\u043d\u043e \u0443 \u0442\u0435\u043a\u0441\u0442\u0456.
2025-07-24 19:10:38,946 - INFO - \u041a\u043b\u044e\u0447\u043e\u0432\u0435 \u0441\u043b\u043e\u0432\u043e '\u0441\u043d\u0456\u0433' \u043d\u0435 \u0437\u043d\u0430\u0439\u0434\u0435\u043d\u043e \u0443 \u0442\u0435\u043a\u0441\u0442\u0456.
2025-07-24 19:10:38,975 - INFO - \u041a\u043b\u044e\u0447\u043e\u0432\u0435 \u0441\u043b\u043e\u0432\u043e '\u043b\u0456\u0442\u043e' \u043d\u0435 \u0437\u043d\u0430\u0439\u0434\u0435\u043d\u043e \u0443 \u0442\u0435\u043a\u0441\u0442\u0456.
2025-07-24 19:10:38,980 - INFO - \u041a\u043b\u044e\u0447\u043e\u0432\u0435 \u0441\u043b\u043e\u0432\u043e '\u043c\u043e\u0441\u043a\u0430\u043b\u0456' \u043d\u0435 \u0437\u043d\u0430\u0439\u0434\u0435\u043d\u043e \u0443 \u0442\u0435\u043a\u0441\u0442\u0456.
2025-07-24 19:10:39,027 - INFO - \u041a\u043b\u044e\u0447\u043e\u0432\u0435 \u0441\u043b\u043e\u0432\u043e '\u043b\u0456\u0442\u043e' \u043d\u0435 \u0437\u043d\u0430\u0439\u0434\u0435\u043d\u043e \u0443 \u0442\u0435\u043a\u0441\u0442\u0456.
2025-07-24 19:10:39,042 - INFO - \u041a\u043b\u044e\u0447\u043e\u0432\u0435 \u0441\u043b\u043e\u0432\u043e '\u043b\u0456\u0442\u043e' \u043d\u0435 \u0437\u043d\u0430\u0439\u0434\u0435\u043d\u043e \u0443 \u0442\u0435\u043a\u0441\u0442\u0456.
2025-07-24 19:10:39,061 - INFO - \u041a\u043b\u044e\u0447\u043e\u0432\u0435 \u0441\u043b\u043e\u0432\u043e '\u043c\u043e\u0441\u043a\u0430\u043b\u0456' \u043d\u0435 \u0437\u043d\u0430\u0439\u0434\u0435\u043d\u043e \u0443 \u0442\u0435\u043a\u0441\u0442\u0456.
2025-07-24 19:10:39,089 - INFO - \u041a\u043b\u044e\u0447\u043e\u0432\u0435 \u0441\u043b\u043e\u0432\u043e '\u043c\u0430\u044e\u0442\u044c' \u043d\u0435 \u0437\u043d\u0430\u0439\u0434\u0435\u043d\u043e \u0443 \u0442\u0435\u043a\u0441\u0442\u0456.
2025-07-24 19:10:39,108 - INFO - \u041a\u043b\u044e\u0447\u043e\u0432\u0435 \u0441\u043b\u043e\u0432\u043e '\u043c\u043e\u0441\u043a\u0430\u043b\u0456' \u043d\u0435 \u0437\u043d\u0430\u0439\u0434\u0435\u043d\u043e \u0443 \u0442\u0435\u043a\u0441\u0442\u0456.
2025-07-24 19:10:39,129 - INFO - \u041a\u043b\u044e\u0447\u043e\u0432\u0435 \u0441\u043b\u043e\u0432\u043e '\u043c\u043e\u0441\u043a\u0430\u043b\u0456' \u043d\u0435 \u0437\u043d\u0430\u0439\u0434\u0435\u043d\u043e \u0443 \u0442\u0435\u043a\u0441\u0442\u0456.
2025-07-24 19:10:39,153 - INFO - \u041a\u043b\u044e\u0447\u043e\u0432\u0435 \u0441\u043b\u043e\u0432\u043e '\u043c\u0430\u044e\u0442\u044c' \u043d\u0435 \u0437\u043d\u0430\u0439\u0434\u0435\u043d\u043e \u0443 \u0442\u0435\u043a\u0441\u0442\u0456.
2025-07-24 19:10:39,172 - INFO - \u041a\u043b\u044e\u0447\u043e\u0432\u0435 \u0441\u043b\u043e\u0432\u043e '\u0434\u043e\u0445\u043d\u0443\u0442\u044c' \u043d\u0435 \u0437\u043d\u0430\u0439\u0434\u0435\u043d\u043e \u0443 \u0442\u0435\u043a\u0441\u0442\u0456.
2025-07-24 19:10:39,197 - INFO - \u041a\u043b\u044e\u0447\u043e\u0432\u0435 \u0441\u043b\u043e\u0432\u043e '\u043c\u0430\u044e\u0442\u044c' \u043d\u0435 \u0437\u043d\u0430\u0439\u0434\u0435\u043d\u043e \u0443 \u0442\u0435\u043a\u0441\u0442\u0456.
2025-07-24 19:10:39,237 - INFO - \u041a\u043b\u044e\u0447\u043e\u0432\u0435 \u0441\u043b\u043e\u0432\u043e '\u0434\u043e\u0445\u043d\u0443\u0442\u044c' \u043d\u0435 \u0437\u043d\u0430\u0439\u0434\u0435\u043d\u043e \u0443 \u0442\u0435\u043a\u0441\u0442\u0456.
2025-07-24 19:10:39,240 - INFO - \u041a\u043b\u044e\u0447\u043e\u0432\u0435 \u0441\u043b\u043e\u0432\u043e '\u043c\u0430\u044e\u0442\u044c' \u043d\u0435 \u0437\u043d\u0430\u0439\u0434\u0435\u043d\u043e \u0443 \u0442\u0435\u043a\u0441\u0442\u0456.
2025-07-24 19:10:39,262 - INFO - \u041a\u043b\u044e\u0447\u043e\u0432\u0435 \u0441\u043b\u043e\u0432\u043e '\u0434\u043e\u043d\u0430\u0442\u044c' \u043d\u0435 \u0437\u043d\u0430\u0439\u0434\u0435\u043d\u043e \u0443 \u0442\u0435\u043a\u0441\u0442\u0456.
2025-07-24 19:10:39,281 - INFO - \u041a\u043b\u044e\u0447\u043e\u0432\u0435 \u0441\u043b\u043e\u0432\u043e '\u0434\u043e\u0445\u043d\u0443\u0442\u044c' \u043d\u0435 \u0437\u043d\u0430\u0439\u0434\u0435\u043d\u043e \u0443 \u0442\u0435\u043a\u0441\u0442\u0456.
2025-07-24 19:10:39,304 - INFO - \u041a\u043b\u044e\u0447\u043e\u0432\u0435 \u0441\u043b\u043e\u0432\u043e '\u0434\u043e\u043d\u0430\u0442\u044c' \u043d\u0435 \u0437\u043d\u0430\u0439\u0434\u0435\u043d\u043e \u0443 \u0442\u0435\u043a\u0441\u0442\u0456.
2025-07-24 19:10:39,322 - INFO - \u041a\u043b\u044e\u0447\u043e\u0432\u0435 \u0441\u043b\u043e\u0432\u043e '\u0434\u043e\u0445\u043d\u0443\u0442\u044c' \u043d\u0435 \u0437\u043d\u0430\u0439\u0434\u0435\u043d\u043e \u0443 \u0442\u0435\u043a\u0441\u0442\u0456.
2025-07-24 19:10:39,340 - INFO - \u041a\u043b\u044e\u0447\u043e\u0432\u0435 \u0441\u043b\u043e\u0432\u043e '\u0440\u0443\u0441\u043e\u0440\u0456\u0437' \u043d\u0435 \u0437\u043d\u0430\u0439\u0434\u0435\u043d\u043e \u0443 \u0442\u0435\u043a\u0441\u0442\u0456.
2025-07-24 19:10:39,363 - INFO - \u041a\u043b\u044e\u0447\u043e\u0432\u0435 \u0441\u043b\u043e\u0432\u043e '\u0434\u043e\u043d\u0430\u0442\u044c' \u043d\u0435 \u0437\u043d\u0430\u0439\u0434\u0435\u043d\u043e \u0443 \u0442\u0435\u043a\u0441\u0442\u0456.
2025-07-24 19:10:39,381 - INFO - \u041a\u043b\u044e\u0447\u043e\u0432\u0435 \u0441\u043b\u043e\u0432\u043e '\u0440\u0443\u0441\u043e\u0440\u0456\u0437' \u043d\u0435 \u0437\u043d\u0430\u0439\u0434\u0435\u043d\u043e \u0443 \u0442\u0435\u043a\u0441\u0442\u0456.
2025-07-24 19:10:39,403 - INFO - \u041a\u043b\u044e\u0447\u043e\u0432\u0435 \u0441\u043b\u043e\u0432\u043e '\u0434\u043e\u043d\u0430\u0442\u044c' \u043d\u0435 \u0437\u043d\u0430\u0439\u0434\u0435\u043d\u043e \u0443 \u0442\u0435\u043a\u0441\u0442\u0456.
2025-07-24 19:10:39,403 - INFO - \u0424\u0430\u0439\u043b \u043e\u0431\u0440\u043e\u0431\u043b\u0435\u043d\u043e (thread): g:\My Drive\Education\GoIT\PC-system-fundamental\goit-cs-hw-04\src\input\test_file_1.txt
2025-07-24 19:10:39,422 - INFO - \u041a\u043b\u044e\u0447\u043e\u0432\u0435 \u0441\u043b\u043e\u0432\u043e '\u0440\u0443\u0441\u043e\u0440\u0456\u0437' \u043d\u0435 \u0437\u043d\u0430\u0439\u0434\u0435\u043d\u043e \u0443 \u0442\u0435\u043a\u0441\u0442\u0456.
2025-07-24 19:10:39,423 - INFO - \u0424\u0430\u0439\u043b \u043e\u0431\u0440\u043e\u0431\u043b\u0435\u043d\u043e (thread): g:\My Drive\Education\GoIT\PC-system-fundamental\goit-cs-hw-04\src\input\test_file_2.txt
2025-07-24 19:10:39,441 - INFO - \u041a\u043b\u044e\u0447\u043e\u0432\u0435 \u0441\u043b\u043e\u0432\u043e '\u0440\u0443\u0441\u043e\u0440\u0456\u0437' \u043d\u0435 \u0437\u043d\u0430\u0439\u0434\u0435\u043d\u043e \u0443 \u0442\u0435\u043a\u0441\u0442\u0456.
2025-07-24 19:10:39,443 - INFO - \u0424\u0430\u0439\u043b \u043e\u0431\u0440\u043e\u0431\u043b\u0435\u043d\u043e (thread): g:\My Drive\Education\GoIT\PC-system-fundamental\goit-cs-hw-04\src\input\test_file_6.txt
2025-07-24 19:10:39,444 - INFO - \u0424\u0430\u0439\u043b \u043e\u0431\u0440\u043e\u0431\u043b\u0435\u043d\u043e (thread): g:\My Drive\Education\GoIT\PC-system-fundamental\goit-cs-hw-04\src\input\test_file_4.txt
2025-07-24 19:10:39,555 - INFO - \u041a\u043b\u044e\u0447\u043e\u0432\u0435 \u0441\u043b\u043e\u0432\u043e '\u043d\u0435\u043c\u0430\u0454' \u043d\u0435 \u0437\u043d\u0430\u0439\u0434\u0435\u043d\u043e \u0443 \u0442\u0435\u043a\u0441\u0442\u0456.
2025-07-24 19:10:39,560 - INFO - \u041a\u043b\u044e\u0447\u043e\u0432\u0435 \u0441\u043b\u043e\u0432\u043e '\u043d\u0435\u043c\u0430\u0454' \u043d\u0435 \u0437\u043d\u0430\u0439\u0434\u0435\u043d\u043e \u0443 \u0442\u0435\u043a\u0441\u0442\u0456.
2025-07-24 19:10:39,575 - INFO - \u041a\u043b\u044e\u0447\u043e\u0432\u0435 \u0441\u043b\u043e\u0432\u043e '\u0437\u043d\u0430\u0447\u0435\u043d\u043d\u044f' \u043d\u0435 \u0437\u043d\u0430\u0439\u0434\u0435\u043d\u043e \u0443 \u0442\u0435\u043a\u0441\u0442\u0456.
2025-07-24 19:10:39,600 - INFO - \u041a\u043b\u044e\u0447\u043e\u0432\u0435 \u0441\u043b\u043e\u0432\u043e '\u043d\u0435\u043c\u0430\u0454' \u043d\u0435 \u0437\u043d\u0430\u0439\u0434\u0435\u043d\u043e \u0443 \u0442\u0435\u043a\u0441\u0442\u0456.
2025-07-24 19:10:39,610 - INFO - \u041a\u043b\u044e\u0447\u043e\u0432\u0435 \u0441\u043b\u043e\u0432\u043e '\u043d\u0435\u043c\u0430\u0454' \u043d\u0435 \u0437\u043d\u0430\u0439\u0434\u0435\u043d\u043e \u0443 \u0442\u0435\u043a\u0441\u0442\u0456.
2025-07-24 19:10:39,626 - INFO - \u041a\u043b\u044e\u0447\u043e\u0432\u0435 \u0441\u043b\u043e\u0432\u043e '\u0437\u043d\u0430\u0447\u0435\u043d\u043d\u044f' \u043d\u0435 \u0437\u043d\u0430\u0439\u0434\u0435\u043d\u043e \u0443 \u0442\u0435\u043a\u0441\u0442\u0456.
2025-07-24 19:10:39,671 - INFO - \u041a\u043b\u044e\u0447\u043e\u0432\u0435 \u0441\u043b\u043e\u0432\u043e '\u0441\u043d\u0456\u0433' \u043d\u0435 \u0437\u043d\u0430\u0439\u0434\u0435\u043d\u043e \u0443 \u0442\u0435\u043a\u0441\u0442\u0456.
2025-07-24 19:10:39,671 - INFO - \u041a\u043b\u044e\u0447\u043e\u0432\u0435 \u0441\u043b\u043e\u0432\u043e '\u0437\u043d\u0430\u0447\u0435\u043d\u043d\u044f' \u043d\u0435 \u0437\u043d\u0430\u0439\u0434\u0435\u043d\u043e \u0443 \u0442\u0435\u043a\u0441\u0442\u0456.
2025-07-24 19:10:39,687 - INFO - \u041a\u043b\u044e\u0447\u043e\u0432\u0435 \u0441\u043b\u043e\u0432\u043e '\u0437\u043d\u0430\u0447\u0435\u043d\u043d\u044f' \u043d\u0435 \u0437\u043d\u0430\u0439\u0434\u0435\u043d\u043e \u0443 \u0442\u0435\u043a\u0441\u0442\u0456.
2025-07-24 19:10:39,734 - INFO - \u041a\u043b\u044e\u0447\u043e\u0432\u0435 \u0441\u043b\u043e\u0432\u043e '\u0441\u043d\u0456\u0433' \u043d\u0435 \u0437\u043d\u0430\u0439\u0434\u0435\u043d\u043e \u0443 \u0442\u0435\u043a\u0441\u0442\u0456.
2025-07-24 19:10:39,748 - INFO - \u041a\u043b\u044e\u0447\u043e\u0432\u0435 \u0441\u043b\u043e\u0432\u043e '\u043b\u0456\u0442\u043e' \u043d\u0435 \u0437\u043d\u0430\u0439\u0434\u0435\u043d\u043e \u0443 \u0442\u0435\u043a\u0441\u0442\u0456.
2025-07-24 19:10:39,794 - INFO - \u041a\u043b\u044e\u0447\u043e\u0432\u0435 \u0441\u043b\u043e\u0432\u043e '\u0441\u043d\u0456\u0433' \u043d\u0435 \u0437\u043d\u0430\u0439\u0434\u0435\u043d\u043e \u0443 \u0442\u0435\u043a\u0441\u0442\u0456.
2025-07-24 19:10:39,826 - INFO - \u041a\u043b\u044e\u0447\u043e\u0432\u0435 \u0441\u043b\u043e\u0432\u043e '\u0441\u043d\u0456\u0433' \u043d\u0435 \u0437\u043d\u0430\u0439\u0434\u0435\u043d\u043e \u0443 \u0442\u0435\u043a\u0441\u0442\u0456.
2025-07-24 19:10:39,841 - INFO - \u041a\u043b\u044e\u0447\u043e\u0432\u0435 \u0441\u043b\u043e\u0432\u043e '\u043b\u0456\u0442\u043e' \u043d\u0435 \u0437\u043d\u0430\u0439\u0434\u0435\u043d\u043e \u0443 \u0442\u0435\u043a\u0441\u0442\u0456.
2025-07-24 19:10:39,860 - INFO - \u041a\u043b\u044e\u0447\u043e\u0432\u0435 \u0441\u043b\u043e\u0432\u043e '\u043c\u043e\u0441\u043a\u0430\u043b\u0456' \u043d\u0435 \u0437\u043d\u0430\u0439\u0434\u0435\u043d\u043e \u0443 \u0442\u0435\u043a\u0441\u0442\u0456.
2025-07-24 19:10:39,906 - INFO - \u041a\u043b\u044e\u0447\u043e\u0432\u0435 \u0441\u043b\u043e\u0432\u043e '\u043b\u0456\u0442\u043e' \u043d\u0435 \u0437\u043d\u0430\u0439\u0434\u0435\u043d\u043e \u0443 \u0442\u0435\u043a\u0441\u0442\u0456.
2025-07-24 19:10:39,920 - INFO - \u041a\u043b\u044e\u0447\u043e\u0432\u0435 \u0441\u043b\u043e\u0432\u043e '\u043b\u0456\u0442\u043e' \u043d\u0435 \u0437\u043d\u0430\u0439\u0434\u0435\u043d\u043e \u0443 \u0442\u0435\u043a\u0441\u0442\u0456.
2025-07-24 19:10:39,940 - INFO - \u041a\u043b\u044e\u0447\u043e\u0432\u0435 \u0441\u043b\u043e\u0432\u043e '\u043c\u043e\u0441\u043a\u0430\u043b\u0456' \u043d\u0435 \u0437\u043d\u0430\u0439\u0434\u0435\u043d\u043e \u0443 \u0442\u0435\u043a\u0441\u0442\u0456.
2025-07-24 19:10:39,981 - INFO - \u041a\u043b\u044e\u0447\u043e\u0432\u0435 \u0441\u043b\u043e\u0432\u043e '\u043c\u0430\u044e\u0442\u044c' \u043d\u0435 \u0437\u043d\u0430\u0439\u0434\u0435\u043d\u043e \u0443 \u0442\u0435\u043a\u0441\u0442\u0456.
2025-07-24 19:10:39,985 - INFO - \u041a\u043b\u044e\u0447\u043e\u0432\u0435 \u0441\u043b\u043e\u0432\u043e '\u043c\u043e\u0441\u043a\u0430\u043b\u0456' \u043d\u0435 \u0437\u043d\u0430\u0439\u0434\u0435\u043d\u043e \u0443 \u0442\u0435\u043a\u0441\u0442\u0456.
2025-07-24 19:10:40,004 - INFO - \u041a\u043b\u044e\u0447\u043e\u0432\u0435 \u0441\u043b\u043e\u0432\u043e '\u043c\u043e\u0441\u043a\u0430\u043b\u0456' \u043d\u0435 \u0437\u043d\u0430\u0439\u0434\u0435\u043d\u043e \u0443 \u0442\u0435\u043a\u0441\u0442\u0456.
2025-07-24 19:10:40,046 - INFO - \u041a\u043b\u044e\u0447\u043e\u0432\u0435 \u0441\u043b\u043e\u0432\u043e '\u0434\u043e\u0445\u043d\u0443\u0442\u044c' \u043d\u0435 \u0437\u043d\u0430\u0439\u0434\u0435\u043d\u043e \u0443 \u0442\u0435\u043a\u0441\u0442\u0456.
2025-07-24 19:10:40,047 - INFO - \u041a\u043b\u044e\u0447\u043e\u0432\u0435 \u0441\u043b\u043e\u0432\u043e '\u043c\u0430\u044e\u0442\u044c' \u043d\u0435 \u0437\u043d\u0430\u0439\u0434\u0435\u043d\u043e \u0443 \u0442\u0435\u043a\u0441\u0442\u0456.
2025-07-24 19:10:40,072 - INFO - \u041a\u043b\u044e\u0447\u043e\u0432\u0435 \u0441\u043b\u043e\u0432\u043e '\u043c\u0430\u044e\u0442\u044c' \u043d\u0435 \u0437\u043d\u0430\u0439\u0434\u0435\u043d\u043e \u0443 \u0442\u0435\u043a\u0441\u0442\u0456.
2025-07-24 19:10:40,096 - INFO - \u041a\u043b\u044e\u0447\u043e\u0432\u0435 \u0441\u043b\u043e\u0432\u043e '\u043c\u0430\u044e\u0442\u044c' \u043d\u0435 \u0437\u043d\u0430\u0439\u0434\u0435\u043d\u043e \u0443 \u0442\u0435\u043a\u0441\u0442\u0456.
2025-07-24 19:10:40,118 - INFO - \u041a\u043b\u044e\u0447\u043e\u0432\u0435 \u0441\u043b\u043e\u0432\u043e '\u0434\u043e\u043d\u0430\u0442\u044c' \u043d\u0435 \u0437\u043d\u0430\u0439\u0434\u0435\u043d\u043e \u0443 \u0442\u0435\u043a\u0441\u0442\u0456.
2025-07-24 19:10:40,137 - INFO - \u041a\u043b\u044e\u0447\u043e\u0432\u0435 \u0441\u043b\u043e\u0432\u043e '\u0434\u043e\u0445\u043d\u0443\u0442\u044c' \u043d\u0435 \u0437\u043d\u0430\u0439\u0434\u0435\u043d\u043e \u0443 \u0442\u0435\u043a\u0441\u0442\u0456.
2025-07-24 19:10:40,157 - INFO - \u041a\u043b\u044e\u0447\u043e\u0432\u0435 \u0441\u043b\u043e\u0432\u043e '\u0434\u043e\u0445\u043d\u0443\u0442\u044c' \u043d\u0435 \u0437\u043d\u0430\u0439\u0434\u0435\u043d\u043e \u0443 \u0442\u0435\u043a\u0441\u0442\u0456.
2025-07-24 19:10:40,175 - INFO - \u041a\u043b\u044e\u0447\u043e\u0432\u0435 \u0441\u043b\u043e\u0432\u043e '\u0434\u043e\u0445\u043d\u0443\u0442\u044c' \u043d\u0435 \u0437\u043d\u0430\u0439\u0434\u0435\u043d\u043e \u0443 \u0442\u0435\u043a\u0441\u0442\u0456.
2025-07-24 19:10:40,193 - INFO - \u041a\u043b\u044e\u0447\u043e\u0432\u0435 \u0441\u043b\u043e\u0432\u043e '\u0440\u0443\u0441\u043e\u0440\u0456\u0437' \u043d\u0435 \u0437\u043d\u0430\u0439\u0434\u0435\u043d\u043e \u0443 \u0442\u0435\u043a\u0441\u0442\u0456.
2025-07-24 19:10:40,215 - INFO - \u041a\u043b\u044e\u0447\u043e\u0432\u0435 \u0441\u043b\u043e\u0432\u043e '\u0434\u043e\u043d\u0430\u0442\u044c' \u043d\u0435 \u0437\u043d\u0430\u0439\u0434\u0435\u043d\u043e \u0443 \u0442\u0435\u043a\u0441\u0442\u0456.
2025-07-24 19:10:40,237 - INFO - \u041a\u043b\u044e\u0447\u043e\u0432\u0435 \u0441\u043b\u043e\u0432\u043e '\u0434\u043e\u043d\u0430\u0442\u044c' \u043d\u0435 \u0437\u043d\u0430\u0439\u0434\u0435\u043d\u043e \u0443 \u0442\u0435\u043a\u0441\u0442\u0456.
2025-07-24 19:10:40,259 - INFO - \u041a\u043b\u044e\u0447\u043e\u0432\u0435 \u0441\u043b\u043e\u0432\u043e '\u0434\u043e\u043d\u0430\u0442\u044c' \u043d\u0435 \u0437\u043d\u0430\u0439\u0434\u0435\u043d\u043e \u0443 \u0442\u0435\u043a\u0441\u0442\u0456.
2025-07-24 19:10:40,260 - INFO - \u0424\u0430\u0439\u043b \u043e\u0431\u0440\u043e\u0431\u043b\u0435\u043d\u043e (thread): g:\My Drive\Education\GoIT\PC-system-fundamental\goit-cs-hw-04\src\input\test_file_10.txt
2025-07-24 19:10:40,280 - INFO - \u041a\u043b\u044e\u0447\u043e\u0432\u0435 \u0441\u043b\u043e\u0432\u043e '\u0440\u0443\u0441\u043e\u0440\u0456\u0437' \u043d\u0435 \u0437\u043d\u0430\u0439\u0434\u0435\u043d\u043e \u0443 \u0442\u0435\u043a\u0441\u0442\u0456.
2025-07-24 19:10:40,300 - INFO - \u041a\u043b\u044e\u0447\u043e\u0432\u0435 \u0441\u043b\u043e\u0432\u043e '\u0440\u0443\u0441\u043e\u0440\u0456\u0437' \u043d\u0435 \u0437\u043d\u0430\u0439\u0434\u0435\u043d\u043e \u0443 \u0442\u0435\u043a\u0441\u0442\u0456.
2025-07-24 19:10:40,318 - INFO - \u041a\u043b\u044e\u0447\u043e\u0432\u0435 \u0441\u043b\u043e\u0432\u043e '\u0440\u0443\u0441\u043e\u0440\u0456\u0437' \u043d\u0435 \u0437\u043d\u0430\u0439\u0434\u0435\u043d\u043e \u0443 \u0442\u0435\u043a\u0441\u0442\u0456.
2025-07-24 19:10:40,319 - INFO - \u0424\u0430\u0439\u043b \u043e\u0431\u0440\u043e\u0431\u043b\u0435\u043d\u043e (thread): g:\My Drive\Education\GoIT\PC-system-fundamental\goit-cs-hw-04\src\input\test_file_5.txt
2025-07-24 19:10:40,320 - INFO - \u0424\u0430\u0439\u043b \u043e\u0431\u0440\u043e\u0431\u043b\u0435\u043d\u043e (thread): g:\My Drive\Education\GoIT\PC-system-fundamental\goit-cs-hw-04\src\input\test_file_3.txt
2025-07-24 19:10:40,323 - INFO - \u0424\u0430\u0439\u043b \u043e\u0431\u0440\u043e\u0431\u043b\u0435\u043d\u043e (thread): g:\My Drive\Education\GoIT\PC-system-fundamental\goit-cs-hw-04\src\input\test_file_7.txt
2025-07-24 19:10:40,391 - INFO - \u041a\u043b\u044e\u0447\u043e\u0432\u0435 \u0441\u043b\u043e\u0432\u043e '\u043d\u0435\u043c\u0430\u0454' \u043d\u0435 \u0437\u043d\u0430\u0439\u0434\u0435\u043d\u043e \u0443 \u0442\u0435\u043a\u0441\u0442\u0456.
2025-07-24 19:10:40,409 - INFO - \u041a\u043b\u044e\u0447\u043e\u0432\u0435 \u0441\u043b\u043e\u0432\u043e '\u0437\u043d\u0430\u0447\u0435\u043d\u043d\u044f' \u043d\u0435 \u0437\u043d\u0430\u0439\u0434\u0435\u043d\u043e \u0443 \u0442\u0435\u043a\u0441\u0442\u0456.
2025-07-24 19:10:40,442 - INFO - \u041a\u043b\u044e\u0447\u043e\u0432\u0435 \u0441\u043b\u043e\u0432\u043e '\u0441\u043d\u0456\u0433' \u043d\u0435 \u0437\u043d\u0430\u0439\u0434\u0435\u043d\u043e \u0443 \u0442\u0435\u043a\u0441\u0442\u0456.
2025-07-24 19:10:40,476 - INFO - \u041a\u043b\u044e\u0447\u043e\u0432\u0435 \u0441\u043b\u043e\u0432\u043e '\u043b\u0456\u0442\u043e' \u043d\u0435 \u0437\u043d\u0430\u0439\u0434\u0435\u043d\u043e \u0443 \u0442\u0435\u043a\u0441\u0442\u0456.
2025-07-24 19:10:40,496 - INFO - \u041a\u043b\u044e\u0447\u043e\u0432\u0435 \u0441\u043b\u043e\u0432\u043e '\u043c\u043e\u0441\u043a\u0430\u043b\u0456' \u043d\u0435 \u0437\u043d\u0430\u0439\u0434\u0435\u043d\u043e \u0443 \u0442\u0435\u043a\u0441\u0442\u0456.
2025-07-24 19:10:40,522 - INFO - \u041a\u043b\u044e\u0447\u043e\u0432\u0435 \u0441\u043b\u043e\u0432\u043e '\u043c\u0430\u044e\u0442\u044c' \u043d\u0435 \u0437\u043d\u0430\u0439\u0434\u0435\u043d\u043e \u0443 \u0442\u0435\u043a\u0441\u0442\u0456.
2025-07-24 19:10:40,541 - INFO - \u041a\u043b\u044e\u0447\u043e\u0432\u0435 \u0441\u043b\u043e\u0432\u043e '\u0434\u043e\u0445\u043d\u0443\u0442\u044c' \u043d\u0435 \u0437\u043d\u0430\u0439\u0434\u0435\u043d\u043e \u0443 \u0442\u0435\u043a\u0441\u0442\u0456.
2025-07-24 19:10:40,565 - INFO - \u041a\u043b\u044e\u0447\u043e\u0432\u0435 \u0441\u043b\u043e\u0432\u043e '\u0434\u043e\u043d\u0430\u0442\u044c' \u043d\u0435 \u0437\u043d\u0430\u0439\u0434\u0435\u043d\u043e \u0443 \u0442\u0435\u043a\u0441\u0442\u0456.
2025-07-24 19:10:40,586 - INFO - \u041a\u043b\u044e\u0447\u043e\u0432\u0435 \u0441\u043b\u043e\u0432\u043e '\u0440\u0443\u0441\u043e\u0440\u0456\u0437' \u043d\u0435 \u0437\u043d\u0430\u0439\u0434\u0435\u043d\u043e \u0443 \u0442\u0435\u043a\u0441\u0442\u0456.
2025-07-24 19:10:40,589 - INFO - \u0424\u0430\u0439\u043b \u043e\u0431\u0440\u043e\u0431\u043b\u0435\u043d\u043e (thread): g:\My Drive\Education\GoIT\PC-system-fundamental\goit-cs-hw-04\src\input\test_file_8.txt
2025-07-24 19:10:40,659 - INFO - \u041a\u043b\u044e\u0447\u043e\u0432\u0435 \u0441\u043b\u043e\u0432\u043e '\u043d\u0435\u043c\u0430\u0454' \u043d\u0435 \u0437\u043d\u0430\u0439\u0434\u0435\u043d\u043e \u0443 \u0442\u0435\u043a\u0441\u0442\u0456.
2025-07-24 19:10:40,675 - INFO - \u041a\u043b\u044e\u0447\u043e\u0432\u0435 \u0441\u043b\u043e\u0432\u043e '\u0437\u043d\u0430\u0447\u0435\u043d\u043d\u044f' \u043d\u0435 \u0437\u043d\u0430\u0439\u0434\u0435\u043d\u043e \u0443 \u0442\u0435\u043a\u0441\u0442\u0456.
2025-07-24 19:10:40,706 - INFO - \u041a\u043b\u044e\u0447\u043e\u0432\u0435 \u0441\u043b\u043e\u0432\u043e '\u0441\u043d\u0456\u0433' \u043d\u0435 \u0437\u043d\u0430\u0439\u0434\u0435\u043d\u043e \u0443 \u0442\u0435\u043a\u0441\u0442\u0456.
2025-07-24 19:10:40,739 - INFO - \u041a\u043b\u044e\u0447\u043e\u0432\u0435 \u0441\u043b\u043e\u0432\u043e '\u043b\u0456\u0442\u043e' \u043d\u0435 \u0437\u043d\u0430\u0439\u0434\u0435\u043d\u043e \u0443 \u0442\u0435\u043a\u0441\u0442\u0456.
2025-07-24 19:10:40,759 - INFO - \u041a\u043b\u044e\u0447\u043e\u0432\u0435 \u0441\u043b\u043e\u0432\u043e '\u043c\u043e\u0441\u043a\u0430\u043b\u0456' \u043d\u0435 \u0437\u043d\u0430\u0439\u0434\u0435\u043d\u043e \u0443 \u0442\u0435\u043a\u0441\u0442\u0456.
2025-07-24 19:10:40,784 - INFO - \u041a\u043b\u044e\u0447\u043e\u0432\u0435 \u0441\u043b\u043e\u0432\u043e '\u043c\u0430\u044e\u0442\u044c' \u043d\u0435 \u0437\u043d\u0430\u0439\u0434\u0435\u043d\u043e \u0443 \u0442\u0435\u043a\u0441\u0442\u0456.
2025-07-24 19:10:40,804 - INFO - \u041a\u043b\u044e\u0447\u043e\u0432\u0435 \u0441\u043b\u043e\u0432\u043e '\u0434\u043e\u0445\u043d\u0443\u0442\u044c' \u043d\u0435 \u0437\u043d\u0430\u0439\u0434\u0435\u043d\u043e \u0443 \u0442\u0435\u043a\u0441\u0442\u0456.
2025-07-24 19:10:40,828 - INFO - \u041a\u043b\u044e\u0447\u043e\u0432\u0435 \u0441\u043b\u043e\u0432\u043e '\u0434\u043e\u043d\u0430\u0442\u044c' \u043d\u0435 \u0437\u043d\u0430\u0439\u0434\u0435\u043d\u043e \u0443 \u0442\u0435\u043a\u0441\u0442\u0456.
2025-07-24 19:10:40,848 - INFO - \u041a\u043b\u044e\u0447\u043e\u0432\u0435 \u0441\u043b\u043e\u0432\u043e '\u0440\u0443\u0441\u043e\u0440\u0456\u0437' \u043d\u0435 \u0437\u043d\u0430\u0439\u0434\u0435\u043d\u043e \u0443 \u0442\u0435\u043a\u0441\u0442\u0456.
2025-07-24 19:10:40,851 - INFO - \u0424\u0430\u0439\u043b \u043e\u0431\u0440\u043e\u0431\u043b\u0435\u043d\u043e (thread): g:\My Drive\Education\GoIT\PC-system-fundamental\goit-cs-hw-04\src\input\test_file_9.txt
2025-07-24 19:10:40,853 - INFO - \u0427\u0430\u0441 \u0432\u0438\u043a\u043e\u043d\u0430\u043d\u043d\u044f 'run_threaded': 2.33 c
2025-07-24 19:10:40,855 - INFO - \u041f\u043e\u0447\u0430\u0442\u043e\u043a \u0431\u0430\u0433\u0430\u0442\u043e\u043f\u0440\u043e\u0446\u0435\u0441\u043e\u0440\u043d\u043e\u0433\u043e \u043f\u043e\u0448\u0443\u043a\u0443
2025-07-24 19:10:42,051 - INFO - \u0427\u0430\u0441 \u0432\u0438\u043a\u043e\u043d\u0430\u043d\u043d\u044f 'run_multiprocessing': 1.19 c
