2025-07-24 19:03:35,679 - INFO - \u041a\u043b\u044e\u0447\u043e\u0432\u0435 \u0441\u043b\u043e\u0432\u043e '\u043d\u0435\u043c\u0430\u0454' \u043d\u0435 \u0437\u043d\u0430\u0439\u0434\u0435\u043d\u043e \u0443 \u0442\u0435\u043a\u0441\u0442\u0456.
2025-07-24 19:03:35,691 - INFO - \u041a\u043b\u044e\u0447\u043e\u0432\u0435 \u0441\u043b\u043e\u0432\u043e '\u043d\u0435\u043c\u0430\u0454' \u043d\u0435 \u0437\u043d\u0430\u0439\u0434\u0435\u043d\u043e \u0443 \u0442\u0435\u043a\u0441\u0442\u0456.
2025-07-24 19:03:35,693 - INFO - \u041a\u043b\u044e\u0447\u043e\u0432\u0435 \u0441\u043b\u043e\u0432\u043e '\u043d\u0435\u043c\u0430\u0454' \u043d\u0435 \u0437\u043d\u0430\u0439\u0434\u0435\u043d\u043e \u0443 \u0442\u0435\u043a\u0441\u0442\u0456.
2025-07-24 19:03:35,698 - INFO - \u041a\u043b\u044e\u0447\u043e\u0432\u0435 \u0441\u043b\u043e\u0432\u043e '\u0437\u043d\u0430\u0447\u0435\u043d\u043d\u044f' \u043d\u0435 \u0437\u043d\u0430\u0439\u0434\u0435\u043d\u043e \u0443 \u0442\u0435\u043a\u0441\u0442\u0456.
2025-07-24 19:03:35,699 - INFO - \u041a\u043b\u044e\u0447\u043e\u0432\u0435 \u0441\u043b\u043e\u0432\u043e '\u0437\u043d\u0430\u0447\u0435\u043d\u043d\u044f' \u043d\u0435 \u0437\u043d\u0430\u0439\u0434\u0435\u043d\u043e \u0443 \u0442\u0435\u043a\u0441\u0442\u0456.
2025-07-24 19:03:35,709 - INFO - \u041a\u043b\u044e\u0447\u043e\u0432\u0435 \u0441\u043b\u043e\u0432\u043e '\u0437\u043d\u0430\u0447\u0435\u043d\u043d\u044f' \u043d\u0435 \u0437\u043d\u0430\u0439\u0434\u0435\u043d\u043e \u0443 \u0442\u0435\u043a\u0441\u0442\u0456.
2025-07-24 19:03:35,711 - INFO - \u041a\u043b\u044e\u0447\u043e\u0432\u0435 \u0441\u043b\u043e\u0432\u043e '\u0437\u043d\u0430\u0447\u0435\u043d\u043d\u044f' \u043d\u0435 \u0437\u043d\u0430\u0439\u0434\u0435\u043d\u043e \u0443 \u0442\u0435\u043a\u0441\u0442\u0456.
2025-07-24 19:03:35,732 - INFO - \u041a\u043b\u044e\u0447\u043e\u0432\u0435 \u0441\u043b\u043e\u0432\u043e '\u0441\u043d\u0456\u0433' \u043d\u0435 \u0437\u043d\u0430\u0439\u0434\u0435\u043d\u043e \u0443 \u0442\u0435\u043a\u0441\u0442\u0456.
2025-07-24 19:03:35,733 - INFO - \u041a\u043b\u044e\u0447\u043e\u0432\u0435 \u0441\u043b\u043e\u0432\u043e '\u0441\u043d\u0456\u0433' \u043d\u0435 \u0437\u043d\u0430\u0439\u0434\u0435\u043d\u043e \u0443 \u0442\u0435\u043a\u0441\u0442\u0456.
2025-07-24 19:03:35,741 - INFO - \u041a\u043b\u044e\u0447\u043e\u0432\u0435 \u0441\u043b\u043e\u0432\u043e '\u0441\u043d\u0456\u0433' \u043d\u0435 \u0437\u043d\u0430\u0439\u0434\u0435\u043d\u043e \u0443 \u0442\u0435\u043a\u0441\u0442\u0456.
2025-07-24 19:03:35,743 - INFO - \u041a\u043b\u044e\u0447\u043e\u0432\u0435 \u0441\u043b\u043e\u0432\u043e '\u0441\u043d\u0456\u0433' \u043d\u0435 \u0437\u043d\u0430\u0439\u0434\u0435\u043d\u043e \u0443 \u0442\u0435\u043a\u0441\u0442\u0456.
2025-07-24 19:03:35,767 - INFO - \u041a\u043b\u044e\u0447\u043e\u0432\u0435 \u0441\u043b\u043e\u0432\u043e '\u043b\u0456\u0442\u043e' \u043d\u0435 \u0437\u043d\u0430\u0439\u0434\u0435\u043d\u043e \u0443 \u0442\u0435\u043a\u0441\u0442\u0456.
2025-07-24 19:03:35,769 - INFO - \u041a\u043b\u044e\u0447\u043e\u0432\u0435 \u0441\u043b\u043e\u0432\u043e '\u043b\u0456\u0442\u043e' \u043d\u0435 \u0437\u043d\u0430\u0439\u0434\u0435\u043d\u043e \u0443 \u0442\u0435\u043a\u0441\u0442\u0456.
2025-07-24 19:03:35,778 - INFO - \u041a\u043b\u044e\u0447\u043e\u0432\u0435 \u0441\u043b\u043e\u0432\u043e '\u043b\u0456\u0442\u043e' \u043d\u0435 \u0437\u043d\u0430\u0439\u0434\u0435\u043d\u043e \u0443 \u0442\u0435\u043a\u0441\u0442\u0456.
2025-07-24 19:03:35,782 - INFO - \u041a\u043b\u044e\u0447\u043e\u0432\u0435 \u0441\u043b\u043e\u0432\u043e '\u043b\u0456\u0442\u043e' \u043d\u0435 \u0437\u043d\u0430\u0439\u0434\u0435\u043d\u043e \u0443 \u0442\u0435\u043a\u0441\u0442\u0456.
2025-07-24 19:03:35,790 - INFO - \u041a\u043b\u044e\u0447\u043e\u0432\u0435 \u0441\u043b\u043e\u0432\u043e '\u043c\u043e\u0441\u043a\u0430\u043b\u0456' \u043d\u0435 \u0437\u043d\u0430\u0439\u0434\u0435\u043d\u043e \u0443 \u0442\u0435\u043a\u0441\u0442\u0456.
2025-07-24 19:03:35,791 - INFO - \u041a\u043b\u044e\u0447\u043e\u0432\u0435 \u0441\u043b\u043e\u0432\u043e '\u043c\u043e\u0441\u043a\u0430\u043b\u0456' \u043d\u0435 \u0437\u043d\u0430\u0439\u0434\u0435\u043d\u043e \u0443 \u0442\u0435\u043a\u0441\u0442\u0456.
2025-07-24 19:03:35,801 - INFO - \u041a\u043b\u044e\u0447\u043e\u0432\u0435 \u0441\u043b\u043e\u0432\u043e '\u043c\u043e\u0441\u043a\u0430\u043b\u0456' \u043d\u0435 \u0437\u043d\u0430\u0439\u0434\u0435\u043d\u043e \u0443 \u0442\u0435\u043a\u0441\u0442\u0456.
2025-07-24 19:03:35,809 - INFO - \u041a\u043b\u044e\u0447\u043e\u0432\u0435 \u0441\u043b\u043e\u0432\u043e '\u043c\u043e\u0441\u043a\u0430\u043b\u0456' \u043d\u0435 \u0437\u043d\u0430\u0439\u0434\u0435\u043d\u043e \u0443 \u0442\u0435\u043a\u0441\u0442\u0456.
2025-07-24 19:03:35,817 - INFO - \u041a\u043b\u044e\u0447\u043e\u0432\u0435 \u0441\u043b\u043e\u0432\u043e '\u043c\u0430\u044e\u0442\u044c' \u043d\u0435 \u0437\u043d\u0430\u0439\u0434\u0435\u043d\u043e \u0443 \u0442\u0435\u043a\u0441\u0442\u0456.
2025-07-24 19:03:35,822 - INFO - \u041a\u043b\u044e\u0447\u043e\u0432\u0435 \u0441\u043b\u043e\u0432\u043e '\u043c\u0430\u044e\u0442\u044c' \u043d\u0435 \u0437\u043d\u0430\u0439\u0434\u0435\u043d\u043e \u0443 \u0442\u0435\u043a\u0441\u0442\u0456.
2025-07-24 19:03:35,827 - INFO - \u041a\u043b\u044e\u0447\u043e\u0432\u0435 \u0441\u043b\u043e\u0432\u043e '\u043c\u0430\u044e\u0442\u044c' \u043d\u0435 \u0437\u043d\u0430\u0439\u0434\u0435\u043d\u043e \u0443 \u0442\u0435\u043a\u0441\u0442\u0456.
2025-07-24 19:03:35,835 - INFO - \u041a\u043b\u044e\u0447\u043e\u0432\u0435 \u0441\u043b\u043e\u0432\u043e '\u043c\u0430\u044e\u0442\u044c' \u043d\u0435 \u0437\u043d\u0430\u0439\u0434\u0435\u043d\u043e \u0443 \u0442\u0435\u043a\u0441\u0442\u0456.
2025-07-24 19:03:35,837 - INFO - \u041a\u043b\u044e\u0447\u043e\u0432\u0435 \u0441\u043b\u043e\u0432\u043e '\u0434\u043e\u0445\u043d\u0443\u0442\u044c' \u043d\u0435 \u0437\u043d\u0430\u0439\u0434\u0435\u043d\u043e \u0443 \u0442\u0435\u043a\u0441\u0442\u0456.
2025-07-24 19:03:35,841 - INFO - \u041a\u043b\u044e\u0447\u043e\u0432\u0435 \u0441\u043b\u043e\u0432\u043e '\u0434\u043e\u0445\u043d\u0443\u0442\u044c' \u043d\u0435 \u0437\u043d\u0430\u0439\u0434\u0435\u043d\u043e \u0443 \u0442\u0435\u043a\u0441\u0442\u0456.
2025-07-24 19:03:35,847 - INFO - \u041a\u043b\u044e\u0447\u043e\u0432\u0435 \u0441\u043b\u043e\u0432\u043e '\u0434\u043e\u0445\u043d\u0443\u0442\u044c' \u043d\u0435 \u0437\u043d\u0430\u0439\u0434\u0435\u043d\u043e \u0443 \u0442\u0435\u043a\u0441\u0442\u0456.
2025-07-24 19:03:35,861 - INFO - \u041a\u043b\u044e\u0447\u043e\u0432\u0435 \u0441\u043b\u043e\u0432\u043e '\u0434\u043e\u0445\u043d\u0443\u0442\u044c' \u043d\u0435 \u0437\u043d\u0430\u0439\u0434\u0435\u043d\u043e \u0443 \u0442\u0435\u043a\u0441\u0442\u0456.
2025-07-24 19:03:35,865 - INFO - \u041a\u043b\u044e\u0447\u043e\u0432\u0435 \u0441\u043b\u043e\u0432\u043e '\u0434\u043e\u043d\u0430\u0442\u044c' \u043d\u0435 \u0437\u043d\u0430\u0439\u0434\u0435\u043d\u043e \u0443 \u0442\u0435\u043a\u0441\u0442\u0456.
2025-07-24 19:03:35,872 - INFO - \u041a\u043b\u044e\u0447\u043e\u0432\u0435 \u0441\u043b\u043e\u0432\u043e '\u0434\u043e\u043d\u0430\u0442\u044c' \u043d\u0435 \u0437\u043d\u0430\u0439\u0434\u0435\u043d\u043e \u0443 \u0442\u0435\u043a\u0441\u0442\u0456.
2025-07-24 19:03:35,884 - INFO - \u041a\u043b\u044e\u0447\u043e\u0432\u0435 \u0441\u043b\u043e\u0432\u043e '\u0434\u043e\u043d\u0430\u0442\u044c' \u043d\u0435 \u0437\u043d\u0430\u0439\u0434\u0435\u043d\u043e \u0443 \u0442\u0435\u043a\u0441\u0442\u0456.
2025-07-24 19:03:35,886 - INFO - \u041a\u043b\u044e\u0447\u043e\u0432\u0435 \u0441\u043b\u043e\u0432\u043e '\u0440\u0443\u0441\u043e\u0440\u0456\u0437' \u043d\u0435 \u0437\u043d\u0430\u0439\u0434\u0435\u043d\u043e \u0443 \u0442\u0435\u043a\u0441\u0442\u0456.
2025-07-24 19:03:35,887 - INFO - \u0424\u0430\u0439\u043b \u043e\u0431\u0440\u043e\u0431\u043b\u0435\u043d\u043e (process): g:\My Drive\Education\GoIT\PC-system-fundamental\goit-cs-hw-04\src\input\test_file_6.txt
2025-07-24 19:03:35,887 - INFO - \u041a\u043b\u044e\u0447\u043e\u0432\u0435 \u0441\u043b\u043e\u0432\u043e '\u0440\u0443\u0441\u043e\u0440\u0456\u0437' \u043d\u0435 \u0437\u043d\u0430\u0439\u0434\u0435\u043d\u043e \u0443 \u0442\u0435\u043a\u0441\u0442\u0456.
2025-07-24 19:03:35,889 - INFO - \u0424\u0430\u0439\u043b \u043e\u0431\u0440\u043e\u0431\u043b\u0435\u043d\u043e (process): g:\My Drive\Education\GoIT\PC-system-fundamental\goit-cs-hw-04\src\input\test_file_2.txt
2025-07-24 19:03:35,891 - INFO - \u041a\u043b\u044e\u0447\u043e\u0432\u0435 \u0441\u043b\u043e\u0432\u043e '\u0440\u0443\u0441\u043e\u0440\u0456\u0437' \u043d\u0435 \u0437\u043d\u0430\u0439\u0434\u0435\u043d\u043e \u0443 \u0442\u0435\u043a\u0441\u0442\u0456.
2025-07-24 19:03:35,892 - INFO - \u0424\u0430\u0439\u043b \u043e\u0431\u0440\u043e\u0431\u043b\u0435\u043d\u043e (process): g:\My Drive\Education\GoIT\PC-system-fundamental\goit-cs-hw-04\src\input\test_file_4.txt
2025-07-24 19:03:35,903 - INFO - \u041a\u043b\u044e\u0447\u043e\u0432\u0435 \u0441\u043b\u043e\u0432\u043e '\u0440\u0443\u0441\u043e\u0440\u0456\u0437' \u043d\u0435 \u0437\u043d\u0430\u0439\u0434\u0435\u043d\u043e \u0443 \u0442\u0435\u043a\u0441\u0442\u0456.
2025-07-24 19:03:35,904 - INFO - \u0424\u0430\u0439\u043b \u043e\u0431\u0440\u043e\u0431\u043b\u0435\u043d\u043e (process): g:\My Drive\Education\GoIT\PC-system-fundamental\goit-cs-hw-04\src\input\test_file_1.txt
2025-07-24 19:03:35,927 - INFO - \u041a\u043b\u044e\u0447\u043e\u0432\u0435 \u0441\u043b\u043e\u0432\u043e '\u043d\u0435\u043c\u0430\u0454' \u043d\u0435 \u0437\u043d\u0430\u0439\u0434\u0435\u043d\u043e \u0443 \u0442\u0435\u043a\u0441\u0442\u0456.
2025-07-24 19:03:35,927 - INFO - \u041a\u043b\u044e\u0447\u043e\u0432\u0435 \u0441\u043b\u043e\u0432\u043e '\u043d\u0435\u043c\u0430\u0454' \u043d\u0435 \u0437\u043d\u0430\u0439\u0434\u0435\u043d\u043e \u0443 \u0442\u0435\u043a\u0441\u0442\u0456.
2025-07-24 19:03:35,929 - INFO - \u041a\u043b\u044e\u0447\u043e\u0432\u0435 \u0441\u043b\u043e\u0432\u043e '\u043d\u0435\u043c\u0430\u0454' \u043d\u0435 \u0437\u043d\u0430\u0439\u0434\u0435\u043d\u043e \u0443 \u0442\u0435\u043a\u0441\u0442\u0456.
2025-07-24 19:03:35,941 - INFO - \u041a\u043b\u044e\u0447\u043e\u0432\u0435 \u0441\u043b\u043e\u0432\u043e '\u043d\u0435\u043c\u0430\u0454' \u043d\u0435 \u0437\u043d\u0430\u0439\u0434\u0435\u043d\u043e \u0443 \u0442\u0435\u043a\u0441\u0442\u0456.
2025-07-24 19:03:35,943 - INFO - \u041a\u043b\u044e\u0447\u043e\u0432\u0435 \u0441\u043b\u043e\u0432\u043e '\u0437\u043d\u0430\u0447\u0435\u043d\u043d\u044f' \u043d\u0435 \u0437\u043d\u0430\u0439\u0434\u0435\u043d\u043e \u0443 \u0442\u0435\u043a\u0441\u0442\u0456.
2025-07-24 19:03:35,945 - INFO - \u041a\u043b\u044e\u0447\u043e\u0432\u0435 \u0441\u043b\u043e\u0432\u043e '\u0437\u043d\u0430\u0447\u0435\u043d\u043d\u044f' \u043d\u0435 \u0437\u043d\u0430\u0439\u0434\u0435\u043d\u043e \u0443 \u0442\u0435\u043a\u0441\u0442\u0456.
2025-07-24 19:03:35,946 - INFO - \u041a\u043b\u044e\u0447\u043e\u0432\u0435 \u0441\u043b\u043e\u0432\u043e '\u0437\u043d\u0430\u0447\u0435\u043d\u043d\u044f' \u043d\u0435 \u0437\u043d\u0430\u0439\u0434\u0435\u043d\u043e \u0443 \u0442\u0435\u043a\u0441\u0442\u0456.
2025-07-24 19:03:35,957 - INFO - \u041a\u043b\u044e\u0447\u043e\u0432\u0435 \u0441\u043b\u043e\u0432\u043e '\u0437\u043d\u0430\u0447\u0435\u043d\u043d\u044f' \u043d\u0435 \u0437\u043d\u0430\u0439\u0434\u0435\u043d\u043e \u0443 \u0442\u0435\u043a\u0441\u0442\u0456.
2025-07-24 19:03:35,976 - INFO - \u041a\u043b\u044e\u0447\u043e\u0432\u0435 \u0441\u043b\u043e\u0432\u043e '\u0441\u043d\u0456\u0433' \u043d\u0435 \u0437\u043d\u0430\u0439\u0434\u0435\u043d\u043e \u0443 \u0442\u0435\u043a\u0441\u0442\u0456.
2025-07-24 19:03:35,977 - INFO - \u041a\u043b\u044e\u0447\u043e\u0432\u0435 \u0441\u043b\u043e\u0432\u043e '\u0441\u043d\u0456\u0433' \u043d\u0435 \u0437\u043d\u0430\u0439\u0434\u0435\u043d\u043e \u0443 \u0442\u0435\u043a\u0441\u0442\u0456.
2025-07-24 19:03:35,981 - INFO - \u041a\u043b\u044e\u0447\u043e\u0432\u0435 \u0441\u043b\u043e\u0432\u043e '\u0441\u043d\u0456\u0433' \u043d\u0435 \u0437\u043d\u0430\u0439\u0434\u0435\u043d\u043e \u0443 \u0442\u0435\u043a\u0441\u0442\u0456.
2025-07-24 19:03:35,990 - INFO - \u041a\u043b\u044e\u0447\u043e\u0432\u0435 \u0441\u043b\u043e\u0432\u043e '\u0441\u043d\u0456\u0433' \u043d\u0435 \u0437\u043d\u0430\u0439\u0434\u0435\u043d\u043e \u0443 \u0442\u0435\u043a\u0441\u0442\u0456.
2025-07-24 19:03:36,012 - INFO - \u041a\u043b\u044e\u0447\u043e\u0432\u0435 \u0441\u043b\u043e\u0432\u043e '\u043b\u0456\u0442\u043e' \u043d\u0435 \u0437\u043d\u0430\u0439\u0434\u0435\u043d\u043e \u0443 \u0442\u0435\u043a\u0441\u0442\u0456.
2025-07-24 19:03:36,013 - INFO - \u041a\u043b\u044e\u0447\u043e\u0432\u0435 \u0441\u043b\u043e\u0432\u043e '\u043b\u0456\u0442\u043e' \u043d\u0435 \u0437\u043d\u0430\u0439\u0434\u0435\u043d\u043e \u0443 \u0442\u0435\u043a\u0441\u0442\u0456.
2025-07-24 19:03:36,017 - INFO - \u041a\u043b\u044e\u0447\u043e\u0432\u0435 \u0441\u043b\u043e\u0432\u043e '\u043b\u0456\u0442\u043e' \u043d\u0435 \u0437\u043d\u0430\u0439\u0434\u0435\u043d\u043e \u0443 \u0442\u0435\u043a\u0441\u0442\u0456.
2025-07-24 19:03:36,025 - INFO - \u041a\u043b\u044e\u0447\u043e\u0432\u0435 \u0441\u043b\u043e\u0432\u043e '\u043b\u0456\u0442\u043e' \u043d\u0435 \u0437\u043d\u0430\u0439\u0434\u0435\u043d\u043e \u0443 \u0442\u0435\u043a\u0441\u0442\u0456.
2025-07-24 19:03:36,032 - INFO - \u041a\u043b\u044e\u0447\u043e\u0432\u0435 \u0441\u043b\u043e\u0432\u043e '\u043c\u043e\u0441\u043a\u0430\u043b\u0456' \u043d\u0435 \u0437\u043d\u0430\u0439\u0434\u0435\u043d\u043e \u0443 \u0442\u0435\u043a\u0441\u0442\u0456.
2025-07-24 19:03:36,034 - INFO - \u041a\u043b\u044e\u0447\u043e\u0432\u0435 \u0441\u043b\u043e\u0432\u043e '\u043c\u043e\u0441\u043a\u0430\u043b\u0456' \u043d\u0435 \u0437\u043d\u0430\u0439\u0434\u0435\u043d\u043e \u0443 \u0442\u0435\u043a\u0441\u0442\u0456.
2025-07-24 19:03:36,037 - INFO - \u041a\u043b\u044e\u0447\u043e\u0432\u0435 \u0441\u043b\u043e\u0432\u043e '\u043c\u043e\u0441\u043a\u0430\u043b\u0456' \u043d\u0435 \u0437\u043d\u0430\u0439\u0434\u0435\u043d\u043e \u0443 \u0442\u0435\u043a\u0441\u0442\u0456.
2025-07-24 19:03:36,046 - INFO - \u041a\u043b\u044e\u0447\u043e\u0432\u0435 \u0441\u043b\u043e\u0432\u043e '\u043c\u043e\u0441\u043a\u0430\u043b\u0456' \u043d\u0435 \u0437\u043d\u0430\u0439\u0434\u0435\u043d\u043e \u0443 \u0442\u0435\u043a\u0441\u0442\u0456.
2025-07-24 19:03:36,058 - INFO - \u041a\u043b\u044e\u0447\u043e\u0432\u0435 \u0441\u043b\u043e\u0432\u043e '\u043c\u0430\u044e\u0442\u044c' \u043d\u0435 \u0437\u043d\u0430\u0439\u0434\u0435\u043d\u043e \u0443 \u0442\u0435\u043a\u0441\u0442\u0456.
2025-07-24 19:03:36,059 - INFO - \u041a\u043b\u044e\u0447\u043e\u0432\u0435 \u0441\u043b\u043e\u0432\u043e '\u043c\u0430\u044e\u0442\u044c' \u043d\u0435 \u0437\u043d\u0430\u0439\u0434\u0435\u043d\u043e \u0443 \u0442\u0435\u043a\u0441\u0442\u0456.
2025-07-24 19:03:36,062 - INFO - \u041a\u043b\u044e\u0447\u043e\u0432\u0435 \u0441\u043b\u043e\u0432\u043e '\u043c\u0430\u044e\u0442\u044c' \u043d\u0435 \u0437\u043d\u0430\u0439\u0434\u0435\u043d\u043e \u0443 \u0442\u0435\u043a\u0441\u0442\u0456.
2025-07-24 19:03:36,072 - INFO - \u041a\u043b\u044e\u0447\u043e\u0432\u0435 \u0441\u043b\u043e\u0432\u043e '\u043c\u0430\u044e\u0442\u044c' \u043d\u0435 \u0437\u043d\u0430\u0439\u0434\u0435\u043d\u043e \u0443 \u0442\u0435\u043a\u0441\u0442\u0456.
2025-07-24 19:03:36,077 - INFO - \u041a\u043b\u044e\u0447\u043e\u0432\u0435 \u0441\u043b\u043e\u0432\u043e '\u0434\u043e\u0445\u043d\u0443\u0442\u044c' \u043d\u0435 \u0437\u043d\u0430\u0439\u0434\u0435\u043d\u043e \u0443 \u0442\u0435\u043a\u0441\u0442\u0456.
2025-07-24 19:03:36,083 - INFO - \u041a\u043b\u044e\u0447\u043e\u0432\u0435 \u0441\u043b\u043e\u0432\u043e '\u0434\u043e\u0445\u043d\u0443\u0442\u044c' \u043d\u0435 \u0437\u043d\u0430\u0439\u0434\u0435\u043d\u043e \u0443 \u0442\u0435\u043a\u0441\u0442\u0456.
2025-07-24 19:03:36,087 - INFO - \u041a\u043b\u044e\u0447\u043e\u0432\u0435 \u0441\u043b\u043e\u0432\u043e '\u0434\u043e\u0445\u043d\u0443\u0442\u044c' \u043d\u0435 \u0437\u043d\u0430\u0439\u0434\u0435\u043d\u043e \u0443 \u0442\u0435\u043a\u0441\u0442\u0456.
2025-07-24 19:03:36,090 - INFO - \u041a\u043b\u044e\u0447\u043e\u0432\u0435 \u0441\u043b\u043e\u0432\u043e '\u0434\u043e\u0445\u043d\u0443\u0442\u044c' \u043d\u0435 \u0437\u043d\u0430\u0439\u0434\u0435\u043d\u043e \u0443 \u0442\u0435\u043a\u0441\u0442\u0456.
2025-07-24 19:03:36,102 - INFO - \u041a\u043b\u044e\u0447\u043e\u0432\u0435 \u0441\u043b\u043e\u0432\u043e '\u0434\u043e\u043d\u0430\u0442\u044c' \u043d\u0435 \u0437\u043d\u0430\u0439\u0434\u0435\u043d\u043e \u0443 \u0442\u0435\u043a\u0441\u0442\u0456.
2025-07-24 19:03:36,106 - INFO - \u041a\u043b\u044e\u0447\u043e\u0432\u0435 \u0441\u043b\u043e\u0432\u043e '\u0434\u043e\u043d\u0430\u0442\u044c' \u043d\u0435 \u0437\u043d\u0430\u0439\u0434\u0435\u043d\u043e \u0443 \u0442\u0435\u043a\u0441\u0442\u0456.
2025-07-24 19:03:36,109 - INFO - \u041a\u043b\u044e\u0447\u043e\u0432\u0435 \u0441\u043b\u043e\u0432\u043e '\u0434\u043e\u043d\u0430\u0442\u044c' \u043d\u0435 \u0437\u043d\u0430\u0439\u0434\u0435\u043d\u043e \u0443 \u0442\u0435\u043a\u0441\u0442\u0456.
2025-07-24 19:03:36,112 - INFO - \u041a\u043b\u044e\u0447\u043e\u0432\u0435 \u0441\u043b\u043e\u0432\u043e '\u0434\u043e\u043d\u0430\u0442\u044c' \u043d\u0435 \u0437\u043d\u0430\u0439\u0434\u0435\u043d\u043e \u0443 \u0442\u0435\u043a\u0441\u0442\u0456.
2025-07-24 19:03:36,120 - INFO - \u041a\u043b\u044e\u0447\u043e\u0432\u0435 \u0441\u043b\u043e\u0432\u043e '\u0440\u0443\u0441\u043e\u0440\u0456\u0437' \u043d\u0435 \u0437\u043d\u0430\u0439\u0434\u0435\u043d\u043e \u0443 \u0442\u0435\u043a\u0441\u0442\u0456.
2025-07-24 19:03:36,120 - INFO - \u0424\u0430\u0439\u043b \u043e\u0431\u0440\u043e\u0431\u043b\u0435\u043d\u043e (process): g:\My Drive\Education\GoIT\PC-system-fundamental\goit-cs-hw-04\src\input\test_file_7.txt
2025-07-24 19:03:36,128 - INFO - \u041a\u043b\u044e\u0447\u043e\u0432\u0435 \u0441\u043b\u043e\u0432\u043e '\u0440\u0443\u0441\u043e\u0440\u0456\u0437' \u043d\u0435 \u0437\u043d\u0430\u0439\u0434\u0435\u043d\u043e \u0443 \u0442\u0435\u043a\u0441\u0442\u0456.
2025-07-24 19:03:36,128 - INFO - \u0424\u0430\u0439\u043b \u043e\u0431\u0440\u043e\u0431\u043b\u0435\u043d\u043e (process): g:\My Drive\Education\GoIT\PC-system-fundamental\goit-cs-hw-04\src\input\test_file_3.txt
2025-07-24 19:03:36,131 - INFO - \u041a\u043b\u044e\u0447\u043e\u0432\u0435 \u0441\u043b\u043e\u0432\u043e '\u0440\u0443\u0441\u043e\u0440\u0456\u0437' \u043d\u0435 \u0437\u043d\u0430\u0439\u0434\u0435\u043d\u043e \u0443 \u0442\u0435\u043a\u0441\u0442\u0456.
2025-07-24 19:03:36,131 - INFO - \u0424\u0430\u0439\u043b \u043e\u0431\u0440\u043e\u0431\u043b\u0435\u043d\u043e (process): g:\My Drive\Education\GoIT\PC-system-fundamental\goit-cs-hw-04\src\input\test_file_5.txt
2025-07-24 19:03:36,131 - INFO - \u0424\u0430\u0439\u043b \u043e\u0431\u0440\u043e\u0431\u043b\u0435\u043d\u043e (process): g:\My Drive\Education\GoIT\PC-system-fundamental\goit-cs-hw-04\src\input\test_file_10.txt
2025-07-24 19:03:36,158 - INFO - \u041a\u043b\u044e\u0447\u043e\u0432\u0435 \u0441\u043b\u043e\u0432\u043e '\u043d\u0435\u043c\u0430\u0454' \u043d\u0435 \u0437\u043d\u0430\u0439\u0434\u0435\u043d\u043e \u0443 \u0442\u0435\u043a\u0441\u0442\u0456.
2025-07-24 19:03:36,173 - INFO - \u041a\u043b\u044e\u0447\u043e\u0432\u0435 \u0441\u043b\u043e\u0432\u043e '\u0437\u043d\u0430\u0447\u0435\u043d\u043d\u044f' \u043d\u0435 \u0437\u043d\u0430\u0439\u0434\u0435\u043d\u043e \u0443 \u0442\u0435\u043a\u0441\u0442\u0456.
2025-07-24 19:03:36,203 - INFO - \u041a\u043b\u044e\u0447\u043e\u0432\u0435 \u0441\u043b\u043e\u0432\u043e '\u0441\u043d\u0456\u0433' \u043d\u0435 \u0437\u043d\u0430\u0439\u0434\u0435\u043d\u043e \u0443 \u0442\u0435\u043a\u0441\u0442\u0456.
2025-07-24 19:03:36,234 - INFO - \u041a\u043b\u044e\u0447\u043e\u0432\u0435 \u0441\u043b\u043e\u0432\u043e '\u043b\u0456\u0442\u043e' \u043d\u0435 \u0437\u043d\u0430\u0439\u0434\u0435\u043d\u043e \u0443 \u0442\u0435\u043a\u0441\u0442\u0456.
2025-07-24 19:03:36,253 - INFO - \u041a\u043b\u044e\u0447\u043e\u0432\u0435 \u0441\u043b\u043e\u0432\u043e '\u043c\u043e\u0441\u043a\u0430\u043b\u0456' \u043d\u0435 \u0437\u043d\u0430\u0439\u0434\u0435\u043d\u043e \u0443 \u0442\u0435\u043a\u0441\u0442\u0456.
2025-07-24 19:03:36,278 - INFO - \u041a\u043b\u044e\u0447\u043e\u0432\u0435 \u0441\u043b\u043e\u0432\u043e '\u043c\u0430\u044e\u0442\u044c' \u043d\u0435 \u0437\u043d\u0430\u0439\u0434\u0435\u043d\u043e \u0443 \u0442\u0435\u043a\u0441\u0442\u0456.
2025-07-24 19:03:36,297 - INFO - \u041a\u043b\u044e\u0447\u043e\u0432\u0435 \u0441\u043b\u043e\u0432\u043e '\u0434\u043e\u0445\u043d\u0443\u0442\u044c' \u043d\u0435 \u0437\u043d\u0430\u0439\u0434\u0435\u043d\u043e \u0443 \u0442\u0435\u043a\u0441\u0442\u0456.
2025-07-24 19:03:36,318 - INFO - \u041a\u043b\u044e\u0447\u043e\u0432\u0435 \u0441\u043b\u043e\u0432\u043e '\u0434\u043e\u043d\u0430\u0442\u044c' \u043d\u0435 \u0437\u043d\u0430\u0439\u0434\u0435\u043d\u043e \u0443 \u0442\u0435\u043a\u0441\u0442\u0456.
2025-07-24 19:03:36,336 - INFO - \u041a\u043b\u044e\u0447\u043e\u0432\u0435 \u0441\u043b\u043e\u0432\u043e '\u0440\u0443\u0441\u043e\u0440\u0456\u0437' \u043d\u0435 \u0437\u043d\u0430\u0439\u0434\u0435\u043d\u043e \u0443 \u0442\u0435\u043a\u0441\u0442\u0456.
2025-07-24 19:03:36,338 - INFO - \u0424\u0430\u0439\u043b \u043e\u0431\u0440\u043e\u0431\u043b\u0435\u043d\u043e (process): g:\My Drive\Education\GoIT\PC-system-fundamental\goit-cs-hw-04\src\input\test_file_8.txt
2025-07-24 19:03:36,373 - INFO - \u041a\u043b\u044e\u0447\u043e\u0432\u0435 \u0441\u043b\u043e\u0432\u043e '\u043d\u0435\u043c\u0430\u0454' \u043d\u0435 \u0437\u043d\u0430\u0439\u0434\u0435\u043d\u043e \u0443 \u0442\u0435\u043a\u0441\u0442\u0456.
2025-07-24 19:03:36,389 - INFO - \u041a\u043b\u044e\u0447\u043e\u0432\u0435 \u0441\u043b\u043e\u0432\u043e '\u0437\u043d\u0430\u0447\u0435\u043d\u043d\u044f' \u043d\u0435 \u0437\u043d\u0430\u0439\u0434\u0435\u043d\u043e \u0443 \u0442\u0435\u043a\u0441\u0442\u0456.
2025-07-24 19:03:36,419 - INFO - \u041a\u043b\u044e\u0447\u043e\u0432\u0435 \u0441\u043b\u043e\u0432\u043e '\u0441\u043d\u0456\u0433' \u043d\u0435 \u0437\u043d\u0430\u0439\u0434\u0435\u043d\u043e \u0443 \u0442\u0435\u043a\u0441\u0442\u0456.
2025-07-24 19:03:36,449 - INFO - \u041a\u043b\u044e\u0447\u043e\u0432\u0435 \u0441\u043b\u043e\u0432\u043e '\u043b\u0456\u0442\u043e' \u043d\u0435 \u0437\u043d\u0430\u0439\u0434\u0435\u043d\u043e \u0443 \u0442\u0435\u043a\u0441\u0442\u0456.
2025-07-24 19:03:36,469 - INFO - \u041a\u043b\u044e\u0447\u043e\u0432\u0435 \u0441\u043b\u043e\u0432\u043e '\u043c\u043e\u0441\u043a\u0430\u043b\u0456' \u043d\u0435 \u0437\u043d\u0430\u0439\u0434\u0435\u043d\u043e \u0443 \u0442\u0435\u043a\u0441\u0442\u0456.
2025-07-24 19:03:36,496 - INFO - \u041a\u043b\u044e\u0447\u043e\u0432\u0435 \u0441\u043b\u043e\u0432\u043e '\u043c\u0430\u044e\u0442\u044c' \u043d\u0435 \u0437\u043d\u0430\u0439\u0434\u0435\u043d\u043e \u0443 \u0442\u0435\u043a\u0441\u0442\u0456.
2025-07-24 19:03:36,515 - INFO - \u041a\u043b\u044e\u0447\u043e\u0432\u0435 \u0441\u043b\u043e\u0432\u043e '\u0434\u043e\u0445\u043d\u0443\u0442\u044c' \u043d\u0435 \u0437\u043d\u0430\u0439\u0434\u0435\u043d\u043e \u0443 \u0442\u0435\u043a\u0441\u0442\u0456.
2025-07-24 19:03:36,539 - INFO - \u041a\u043b\u044e\u0447\u043e\u0432\u0435 \u0441\u043b\u043e\u0432\u043e '\u0434\u043e\u043d\u0430\u0442\u044c' \u043d\u0435 \u0437\u043d\u0430\u0439\u0434\u0435\u043d\u043e \u0443 \u0442\u0435\u043a\u0441\u0442\u0456.
2025-07-24 19:03:36,558 - INFO - \u041a\u043b\u044e\u0447\u043e\u0432\u0435 \u0441\u043b\u043e\u0432\u043e '\u0440\u0443\u0441\u043e\u0440\u0456\u0437' \u043d\u0435 \u0437\u043d\u0430\u0439\u0434\u0435\u043d\u043e \u0443 \u0442\u0435\u043a\u0441\u0442\u0456.
2025-07-24 19:03:36,559 - INFO - \u0424\u0430\u0439\u043b \u043e\u0431\u0440\u043e\u0431\u043b\u0435\u043d\u043e (process): g:\My Drive\Education\GoIT\PC-system-fundamental\goit-cs-hw-04\src\input\test_file_9.txt
