2025-07-24 19:10:41,603 - INFO - \u041a\u043b\u044e\u0447\u043e\u0432\u0435 \u0441\u043b\u043e\u0432\u043e '\u043d\u0435\u043c\u0430\u0454' \u043d\u0435 \u0437\u043d\u0430\u0439\u0434\u0435\u043d\u043e \u0443 \u0442\u0435\u043a\u0441\u0442\u0456.
2025-07-24 19:10:41,624 - INFO - \u041a\u043b\u044e\u0447\u043e\u0432\u0435 \u0441\u043b\u043e\u0432\u043e '\u0437\u043d\u0430\u0447\u0435\u043d\u043d\u044f' \u043d\u0435 \u0437\u043d\u0430\u0439\u0434\u0435\u043d\u043e \u0443 \u0442\u0435\u043a\u0441\u0442\u0456.
2025-07-24 19:10:41,654 - INFO - \u041a\u043b\u044e\u0447\u043e\u0432\u0435 \u0441\u043b\u043e\u0432\u043e '\u0441\u043d\u0456\u0433' \u043d\u0435 \u0437\u043d\u0430\u0439\u0434\u0435\u043d\u043e \u0443 \u0442\u0435\u043a\u0441\u0442\u0456.
2025-07-24 19:10:41,686 - INFO - \u041a\u043b\u044e\u0447\u043e\u0432\u0435 \u0441\u043b\u043e\u0432\u043e '\u043b\u0456\u0442\u043e' \u043d\u0435 \u0437\u043d\u0430\u0439\u0434\u0435\u043d\u043e \u0443 \u0442\u0435\u043a\u0441\u0442\u0456.
2025-07-24 19:10:41,708 - INFO - \u041a\u043b\u044e\u0447\u043e\u0432\u0435 \u0441\u043b\u043e\u0432\u043e '\u043c\u043e\u0441\u043a\u0430\u043b\u0456' \u043d\u0435 \u0437\u043d\u0430\u0439\u0434\u0435\u043d\u043e \u0443 \u0442\u0435\u043a\u0441\u0442\u0456.
2025-07-24 19:10:41,734 - INFO - \u041a\u043b\u044e\u0447\u043e\u0432\u0435 \u0441\u043b\u043e\u0432\u043e '\u043c\u0430\u044e\u0442\u044c' \u043d\u0435 \u0437\u043d\u0430\u0439\u0434\u0435\u043d\u043e \u0443 \u0442\u0435\u043a\u0441\u0442\u0456.
2025-07-24 19:10:41,752 - INFO - \u041a\u043b\u044e\u0447\u043e\u0432\u0435 \u0441\u043b\u043e\u0432\u043e '\u0434\u043e\u0445\u043d\u0443\u0442\u044c' \u043d\u0435 \u0437\u043d\u0430\u0439\u0434\u0435\u043d\u043e \u0443 \u0442\u0435\u043a\u0441\u0442\u0456.
2025-07-24 19:10:41,776 - INFO - \u041a\u043b\u044e\u0447\u043e\u0432\u0435 \u0441\u043b\u043e\u0432\u043e '\u0434\u043e\u043d\u0430\u0442\u044c' \u043d\u0435 \u0437\u043d\u0430\u0439\u0434\u0435\u043d\u043e \u0443 \u0442\u0435\u043a\u0441\u0442\u0456.
2025-07-24 19:10:41,794 - INFO - \u041a\u043b\u044e\u0447\u043e\u0432\u0435 \u0441\u043b\u043e\u0432\u043e '\u0440\u0443\u0441\u043e\u0440\u0456\u0437' \u043d\u0435 \u0437\u043d\u0430\u0439\u0434\u0435\u043d\u043e \u0443 \u0442\u0435\u043a\u0441\u0442\u0456.
2025-07-24 19:10:41,796 - INFO - \u0424\u0430\u0439\u043b \u043e\u0431\u0440\u043e\u0431\u043b\u0435\u043d\u043e (process): g:\My Drive\Education\GoIT\PC-system-fundamental\goit-cs-hw-04\src\input\test_file_2.txt
2025-07-24 19:10:41,848 - INFO - \u041a\u043b\u044e\u0447\u043e\u0432\u0435 \u0441\u043b\u043e\u0432\u043e '\u043d\u0435\u043c\u0430\u0454' \u043d\u0435 \u0437\u043d\u0430\u0439\u0434\u0435\u043d\u043e \u0443 \u0442\u0435\u043a\u0441\u0442\u0456.
2025-07-24 19:10:41,864 - INFO - \u041a\u043b\u044e\u0447\u043e\u0432\u0435 \u0441\u043b\u043e\u0432\u043e '\u0437\u043d\u0430\u0447\u0435\u043d\u043d\u044f' \u043d\u0435 \u0437\u043d\u0430\u0439\u0434\u0435\u043d\u043e \u0443 \u0442\u0435\u043a\u0441\u0442\u0456.
2025-07-24 19:10:41,895 - INFO - \u041a\u043b\u044e\u0447\u043e\u0432\u0435 \u0441\u043b\u043e\u0432\u043e '\u0441\u043d\u0456\u0433' \u043d\u0435 \u0437\u043d\u0430\u0439\u0434\u0435\u043d\u043e \u0443 \u0442\u0435\u043a\u0441\u0442\u0456.
2025-07-24 19:10:41,927 - INFO - \u041a\u043b\u044e\u0447\u043e\u0432\u0435 \u0441\u043b\u043e\u0432\u043e '\u043b\u0456\u0442\u043e' \u043d\u0435 \u0437\u043d\u0430\u0439\u0434\u0435\u043d\u043e \u0443 \u0442\u0435\u043a\u0441\u0442\u0456.
2025-07-24 19:10:41,949 - INFO - \u041a\u043b\u044e\u0447\u043e\u0432\u0435 \u0441\u043b\u043e\u0432\u043e '\u043c\u043e\u0441\u043a\u0430\u043b\u0456' \u043d\u0435 \u0437\u043d\u0430\u0439\u0434\u0435\u043d\u043e \u0443 \u0442\u0435\u043a\u0441\u0442\u0456.
2025-07-24 19:10:41,975 - INFO - \u041a\u043b\u044e\u0447\u043e\u0432\u0435 \u0441\u043b\u043e\u0432\u043e '\u043c\u0430\u044e\u0442\u044c' \u043d\u0435 \u0437\u043d\u0430\u0439\u0434\u0435\u043d\u043e \u0443 \u0442\u0435\u043a\u0441\u0442\u0456.
2025-07-24 19:10:41,995 - INFO - \u041a\u043b\u044e\u0447\u043e\u0432\u0435 \u0441\u043b\u043e\u0432\u043e '\u0434\u043e\u0445\u043d\u0443\u0442\u044c' \u043d\u0435 \u0437\u043d\u0430\u0439\u0434\u0435\u043d\u043e \u0443 \u0442\u0435\u043a\u0441\u0442\u0456.
2025-07-24 19:10:42,018 - INFO - \u041a\u043b\u044e\u0447\u043e\u0432\u0435 \u0441\u043b\u043e\u0432\u043e '\u0434\u043e\u043d\u0430\u0442\u044c' \u043d\u0435 \u0437\u043d\u0430\u0439\u0434\u0435\u043d\u043e \u0443 \u0442\u0435\u043a\u0441\u0442\u0456.
2025-07-24 19:10:42,036 - INFO - \u041a\u043b\u044e\u0447\u043e\u0432\u0435 \u0441\u043b\u043e\u0432\u043e '\u0440\u0443\u0441\u043e\u0440\u0456\u0437' \u043d\u0435 \u0437\u043d\u0430\u0439\u0434\u0435\u043d\u043e \u0443 \u0442\u0435\u043a\u0441\u0442\u0456.
2025-07-24 19:10:42,038 - INFO - \u0424\u0430\u0439\u043b \u043e\u0431\u0440\u043e\u0431\u043b\u0435\u043d\u043e (process): g:\My Drive\Education\GoIT\PC-system-fundamental\goit-cs-hw-04\src\input\test_file_3.txt
